Log file open, 05/01/22 23:18:18
LogWindows: Failed to load 'aqProf.dll' (GetLastError=126)
LogWindows: File 'aqProf.dll' does not exist
LogWindows: Failed to load 'VtuneApi.dll' (GetLastError=126)
LogWindows: File 'VtuneApi.dll' does not exist
LogWindows: Failed to load 'VtuneApi32e.dll' (GetLastError=126)
LogWindows: File 'VtuneApi32e.dll' does not exist
LogConsoleResponse: Display: Failed to find resolution value strings in scalability ini. Falling back to default.
LogConsoleResponse: Display: Failed to find resolution value strings in scalability ini. Falling back to default.
LogInit: Display: Running engine for game: GPRODIggerFinal
LogPlatformFile: Not using cached read wrapper
LogTaskGraph: Started task graph with 5 named threads and 23 total threads with 3 sets of task threads.
LogStats: Stats thread started at 0.287690
LogICUInternationalization: ICU TimeZone Detection - Raw Offset: -5:00, Platform Override: ''
LogInit: Display: Loading text-based GConfig....
LogPluginManager: Mounting plugin MeshPainting
LogPluginManager: Mounting plugin XGEController
LogPluginManager: Mounting plugin Paper2D
LogPluginManager: Mounting plugin AISupport
LogPluginManager: Mounting plugin EnvironmentQueryEditor
LogPluginManager: Mounting plugin LightPropagationVolume
LogPluginManager: Mounting plugin GameplayCameras
LogPluginManager: Mounting plugin CameraShakePreviewer
LogPluginManager: Mounting plugin OodleData
LogPluginManager: Mounting plugin OodleNetwork
LogPluginManager: Mounting plugin AnimationSharing
LogPluginManager: Mounting plugin CLionSourceCodeAccess
LogPluginManager: Mounting plugin CodeLiteSourceCodeAccess
LogPluginManager: Mounting plugin KDevelopSourceCodeAccess
LogPluginManager: Mounting plugin NullSourceCodeAccess
LogPluginManager: Mounting plugin PerforceSourceControl
LogPluginManager: Mounting plugin PixWinPlugin
LogPluginManager: Mounting plugin GitSourceControl
LogPluginManager: Mounting plugin PlasticSourceControl
LogPluginManager: Mounting plugin PluginUtils
LogPluginManager: Mounting plugin PropertyAccessNode
LogPluginManager: Mounting plugin RiderSourceCodeAccess
LogPluginManager: Mounting plugin TextureFormatOodle
LogPluginManager: Mounting plugin SubversionSourceControl
LogPluginManager: Mounting plugin VisualStudioSourceCodeAccess
LogPluginManager: Mounting plugin UObjectPlugin
LogPluginManager: Mounting plugin VisualStudioCodeSourceCodeAccess
LogPluginManager: Mounting plugin XCodeSourceCodeAccess
LogPluginManager: Mounting plugin DatasmithContent
LogPluginManager: Mounting plugin AssetManagerEditor
LogPluginManager: Mounting plugin VariantManagerContent
LogPluginManager: Mounting plugin AlembicImporter
LogPluginManager: Mounting plugin Niagara
LogPluginManager: Mounting plugin AutomationUtils
LogPluginManager: Mounting plugin BackChannel
LogPluginManager: Mounting plugin ChaosClothEditor
LogPluginManager: Mounting plugin ChaosCloth
LogPluginManager: Mounting plugin ChaosEditor
LogPluginManager: Mounting plugin ChaosNiagara
LogPluginManager: Mounting plugin ChaosSolverPlugin
LogPluginManager: Mounting plugin CharacterAI
LogPluginManager: Mounting plugin GeometryCache
LogPluginManager: Mounting plugin GeometryCollectionPlugin
LogPluginManager: Mounting plugin CurveEditorTools
LogPluginManager: Mounting plugin CryptoKeys
LogPluginManager: Mounting plugin DataValidation
LogPluginManager: Mounting plugin FacialAnimation
LogPluginManager: Mounting plugin GameplayTagsEditor
LogPluginManager: Mounting plugin GeometryMode
LogPluginManager: Mounting plugin MacGraphicsSwitching
LogPluginManager: Mounting plugin MaterialAnalyzer
LogPluginManager: Mounting plugin PluginBrowser
LogPluginManager: Mounting plugin MobileLauncherProfileWizard
LogPluginManager: Mounting plugin LuminPlatformFeatures
LogPluginManager: Mounting plugin SpeedTreeImporter
LogPluginManager: Mounting plugin MagicLeap
LogPluginManager: Mounting plugin MagicLeapLightEstimation
LogPluginManager: Mounting plugin MagicLeapMedia
LogPluginManager: Mounting plugin MagicLeapPassableWorld
LogPluginManager: Mounting plugin MLSDK
LogPluginManager: Mounting plugin GeometryProcessing
LogPluginManager: Mounting plugin MotoSynth
LogPluginManager: Mounting plugin OpenImageDenoise
LogPluginManager: Mounting plugin PlatformCrypto
LogPluginManager: Mounting plugin AndroidMedia
LogPluginManager: Mounting plugin ProxyLODPlugin
LogPluginManager: Mounting plugin PlanarCut
LogPluginManager: Mounting plugin PythonScriptPlugin
LogPluginManager: Mounting plugin AvfMedia
LogPluginManager: Mounting plugin ImgMedia
LogPluginManager: Mounting plugin SkeletalReduction
LogPluginManager: Mounting plugin MediaCompositing
LogPluginManager: Mounting plugin MediaPlayerEditor
LogPluginManager: Mounting plugin WebMMedia
LogPluginManager: Mounting plugin WmfMedia
LogPluginManager: Mounting plugin TcpMessaging
LogPluginManager: Mounting plugin UdpMessaging
LogPluginManager: Mounting plugin ActorSequence
LogPluginManager: Mounting plugin LevelSequenceEditor
LogPluginManager: Mounting plugin MatineeToLevelSequence
LogPluginManager: Mounting plugin TemplateSequence
LogPluginManager: Mounting plugin LauncherChunkInstaller
LogPluginManager: Mounting plugin OnlineSubsystem
LogPluginManager: Mounting plugin OnlineSubsystemNull
LogPluginManager: Mounting plugin OnlineSubsystemUtils
LogPluginManager: Mounting plugin ActorLayerUtilities
LogPluginManager: Mounting plugin AndroidDeviceProfileSelector
LogPluginManager: Mounting plugin AndroidMoviePlayer
LogPluginManager: Mounting plugin AndroidPermission
LogPluginManager: Mounting plugin AppleMoviePlayer
LogPluginManager: Mounting plugin AppleImageUtils
LogPluginManager: Mounting plugin ArchVisCharacter
LogPluginManager: Mounting plugin AudioCapture
LogPluginManager: Mounting plugin AssetTags
LogPluginManager: Mounting plugin AudioSynesthesia
LogPluginManager: Mounting plugin CableComponent
LogPluginManager: Mounting plugin CustomMeshComponent
LogPluginManager: Mounting plugin ChunkDownloader
LogPluginManager: Mounting plugin EditableMesh
LogPluginManager: Mounting plugin ExampleDeviceProfileSelector
LogPluginManager: Mounting plugin GoogleCloudMessaging
LogPluginManager: Mounting plugin GooglePAD
LogPluginManager: Mounting plugin ScreenshotTools
LogPluginManager: Mounting plugin IOSDeviceProfileSelector
LogPluginManager: Mounting plugin LinuxDeviceProfileSelector
LogPluginManager: Mounting plugin LocationServicesBPLibrary
LogPluginManager: Mounting plugin MobilePatchingUtils
LogPluginManager: Mounting plugin OpenXREyeTracker
LogPluginManager: Mounting plugin OpenXR
LogPluginManager: Mounting plugin OpenXRHandTracking
LogPluginManager: Mounting plugin PhysXVehicles
LogPluginManager: Mounting plugin Takes
LogPluginManager: Mounting plugin PostSplashScreen
LogPluginManager: Mounting plugin ProceduralMeshComponent
LogPluginManager: Mounting plugin PropertyAccessEditor
LogPluginManager: Mounting plugin RuntimePhysXCooking
LogPluginManager: Mounting plugin SignificanceManager
LogPluginManager: Mounting plugin SoundFields
LogPluginManager: Mounting plugin Synthesis
LogPluginManager: Mounting plugin WebMMoviePlayer
LogPluginManager: Mounting plugin WindowsMoviePlayer
LogPluginManager: Mounting plugin LiveLink
LogPluginManager: Mounting plugin ContentBrowserAssetDataSource
LogPluginManager: Mounting plugin ContentBrowserClassDataSource
LogPluginManager: Mounting plugin ContentBrowserFileDataSource
LogPluginManager: Mounting plugin OnlineSubsystemGooglePlay
LogPluginManager: Mounting plugin OnlineSubsystemIOS
LogPluginManager: Mounting plugin OculusVR
LogPluginManager: Mounting plugin SteamVR
PixWinPlugin: PIX capture plugin failed to initialize! Check that the process is launched from PIX.
LogInit: Using libcurl 7.55.1-DEV
LogInit:  - built for x86_64-pc-win32
LogInit:  - supports SSL with OpenSSL/1.1.1
LogInit:  - supports HTTP deflate (compression) using libz 1.2.8
LogInit:  - other features:
LogInit:      CURL_VERSION_SSL
LogInit:      CURL_VERSION_LIBZ
LogInit:      CURL_VERSION_IPV6
LogInit:      CURL_VERSION_ASYNCHDNS
LogInit:      CURL_VERSION_LARGEFILE
LogInit:      CURL_VERSION_IDN
LogInit:  CurlRequestOptions (configurable via config and command line):
LogInit:  - bVerifyPeer = true  - Libcurl will verify peer certificate
LogInit:  - bUseHttpProxy = false  - Libcurl will NOT use HTTP proxy
LogInit:  - bDontReuseConnections = false  - Libcurl will reuse connections
LogInit:  - MaxHostConnections = 16  - Libcurl will limit the number of connections to a host
LogInit:  - LocalHostAddr = Default
LogInit:  - BufferSize = 65536
LogOnline: OSS: Creating online subsystem instance for: NULL
LogInit: WinSock: version 1.1 (2.2), MaxSocks=32767, MaxUdp=65467
LogOnline: OSS: TryLoadSubsystemAndSetDefault: Loaded subsystem for module [NULL]
LogOculusPluginWrapper: OculusPlugin initialized successfully
LogHMD: Failed initializing OVRPlugin 1.59.0
LogInit: Build: ++UE4+Release-4.27-CL-18319896
LogInit: Engine Version: 4.27.2-18319896+++UE4+Release-4.27
LogInit: Compatible Engine Version: 4.27.0-17155196+++UE4+Release-4.27
LogInit: Net CL: 17155196
LogInit: OS: Windows 10 (Release 2009) (), CPU: Intel(R) Core(TM) i7-7700K CPU @ 4.20GHz, GPU: NVIDIA GeForce GTX 1070
LogInit: Compiled (64-bit): Nov 30 2021 07:12:08
LogInit: Compiled with Visual C++: 19.24.28315.00
LogInit: Build Configuration: Development
LogInit: Branch Name: ++UE4+Release-4.27
LogInit: Command Line: 
LogInit: Base Directory: C:/Program Files/Epic Games/UE_4.27/Engine/Binaries/Win64/
LogInit: Allocator: TBB
LogInit: Installed Engine Build: 1
LogDevObjectVersion: Number of dev versions registered: 29
LogDevObjectVersion:   Dev-Blueprints (B0D832E4-1F89-4F0D-ACCF-7EB736FD4AA2): 10
LogDevObjectVersion:   Dev-Build (E1C64328-A22C-4D53-A36C-8E866417BD8C): 0
LogDevObjectVersion:   Dev-Core (375EC13C-06E4-48FB-B500-84F0262A717E): 4
LogDevObjectVersion:   Dev-Editor (E4B068ED-F494-42E9-A231-DA0B2E46BB41): 40
LogDevObjectVersion:   Dev-Framework (CFFC743F-43B0-4480-9391-14DF171D2073): 37
LogDevObjectVersion:   Dev-Mobile (B02B49B5-BB20-44E9-A304-32B752E40360): 3
LogDevObjectVersion:   Dev-Networking (A4E4105C-59A1-49B5-A7C5-40C4547EDFEE): 0
LogDevObjectVersion:   Dev-Online (39C831C9-5AE6-47DC-9A44-9C173E1C8E7C): 0
LogDevObjectVersion:   Dev-Physics (78F01B33-EBEA-4F98-B9B4-84EACCB95AA2): 14
LogDevObjectVersion:   Dev-Platform (6631380F-2D4D-43E0-8009-CF276956A95A): 0
LogDevObjectVersion:   Dev-Rendering (12F88B9F-8875-4AFC-A67C-D90C383ABD29): 45
LogDevObjectVersion:   Dev-Sequencer (7B5AE74C-D270-4C10-A958-57980B212A5A): 13
LogDevObjectVersion:   Dev-VR (D7296918-1DD6-4BDD-9DE2-64A83CC13884): 3
LogDevObjectVersion:   Dev-LoadTimes (C2A15278-BFE7-4AFE-6C17-90FF531DF755): 1
LogDevObjectVersion:   Private-Geometry (6EACA3D4-40EC-4CC1-B786-8BED09428FC5): 3
LogDevObjectVersion:   Dev-AnimPhys (29E575DD-E0A3-4627-9D10-D276232CDCEA): 17
LogDevObjectVersion:   Dev-Anim (AF43A65D-7FD3-4947-9873-3E8ED9C1BB05): 15
LogDevObjectVersion:   Dev-ReflectionCapture (6B266CEC-1EC7-4B8F-A30B-E4D90942FC07): 1
LogDevObjectVersion:   Dev-Automation (0DF73D61-A23F-47EA-B727-89E90C41499A): 1
LogDevObjectVersion:   FortniteMain (601D1886-AC64-4F84-AA16-D3DE0DEAC7D6): 47
LogDevObjectVersion:   FortniteRelease (E7086368-6B23-4C58-8439-1B7016265E91): 1
LogDevObjectVersion:   Dev-Enterprise (9DFFBCD6-494F-0158-E221-12823C92A888): 10
LogDevObjectVersion:   Dev-Niagara (F2AED0AC-9AFE-416F-8664-AA7FFA26D6FC): 1
LogDevObjectVersion:   Dev-Destruction (174F1F0B-B4C6-45A5-B13F-2EE8D0FB917D): 10
LogDevObjectVersion:   Dev-Physics-Ext (35F94A83-E258-406C-A318-09F59610247C): 41
LogDevObjectVersion:   Dev-PhysicsMaterial-Chaos (B68FC16E-8B1B-42E2-B453-215C058844FE): 1
LogDevObjectVersion:   Dev-CineCamera (B2E18506-4273-CFC2-A54E-F4BB758BBA07): 1
LogDevObjectVersion:   Dev-VirtualProduction (64F58936-FD1B-42BA-BA96-7289D5D0FA4E): 1
LogDevObjectVersion:   Dev-MediaFramework (6F0ED827-A609-4895-9C91-998D90180EA4): 2
LogInit: Presizing for max 25165824 objects, including 0 objects not considered by GC, pre-allocating 0 bytes for permanent pool.
LogConfig: Applying CVar settings from Section [/Script/Engine.StreamingSettings] File [C:/Users/Aaron/source/repos/Graphics 2/Final/GPRO300Final_Digger/GPRODIggerFinal/Saved/Config/Windows/Engine.ini]
LogConfig: Setting CVar [[s.MinBulkDataSizeForAsyncLoading:131072]]
LogConfig: Setting CVar [[s.AsyncLoadingThreadEnabled:0]]
LogConfig: Setting CVar [[s.EventDrivenLoaderEnabled:1]]
LogConfig: Setting CVar [[s.WarnIfTimeLimitExceeded:0]]
LogConfig: Setting CVar [[s.TimeLimitExceededMultiplier:1.5]]
LogConfig: Setting CVar [[s.TimeLimitExceededMinTime:0.005]]
LogConfig: Setting CVar [[s.UseBackgroundLevelStreaming:1]]
LogConfig: Setting CVar [[s.PriorityAsyncLoadingExtraTime:15.0]]
LogConfig: Setting CVar [[s.LevelStreamingActorsUpdateTimeLimit:5.0]]
LogConfig: Setting CVar [[s.PriorityLevelStreamingActorsUpdateExtraTime:5.0]]
LogConfig: Setting CVar [[s.LevelStreamingComponentsRegistrationGranularity:10]]
LogConfig: Setting CVar [[s.UnregisterComponentsTimeLimit:1.0]]
LogConfig: Setting CVar [[s.LevelStreamingComponentsUnregistrationGranularity:5]]
LogConfig: Setting CVar [[s.FlushStreamingOnExit:1]]
LogInit: Object subsystem initialized
LogConfig: Setting CVar [[con.DebugEarlyDefault:1]]
LogConfig: Setting CVar [[r.setres:1280x720]]
[2022.05.02-03.18.19:234][  0]LogConfig: Setting CVar [[r.VSync:0]]
[2022.05.02-03.18.19:234][  0]LogConfig: Setting CVar [[r.RHICmdBypass:0]]
[2022.05.02-03.18.19:234][  0]LogConfig: Applying CVar settings from Section [/Script/Engine.RendererSettings] File [C:/Users/Aaron/source/repos/Graphics 2/Final/GPRO300Final_Digger/GPRODIggerFinal/Saved/Config/Windows/Engine.ini]
[2022.05.02-03.18.19:234][  0]LogConfig: Setting CVar [[r.GPUCrashDebugging:0]]
[2022.05.02-03.18.19:234][  0]LogConfig: Setting CVar [[r.MobileHDR:0]]
[2022.05.02-03.18.19:234][  0]LogConfig: Applying CVar settings from Section [/Script/Engine.RendererOverrideSettings] File [C:/Users/Aaron/source/repos/Graphics 2/Final/GPRO300Final_Digger/GPRODIggerFinal/Saved/Config/Windows/Engine.ini]
[2022.05.02-03.18.19:234][  0]LogConfig: Applying CVar settings from Section [/Script/Engine.StreamingSettings] File [C:/Users/Aaron/source/repos/Graphics 2/Final/GPRO300Final_Digger/GPRODIggerFinal/Saved/Config/Windows/Engine.ini]
[2022.05.02-03.18.19:234][  0]LogConfig: Setting CVar [[s.MinBulkDataSizeForAsyncLoading:131072]]
[2022.05.02-03.18.19:234][  0]LogConfig: Setting CVar [[s.AsyncLoadingThreadEnabled:0]]
[2022.05.02-03.18.19:234][  0]LogConfig: Setting CVar [[s.EventDrivenLoaderEnabled:1]]
[2022.05.02-03.18.19:234][  0]LogConfig: Setting CVar [[s.WarnIfTimeLimitExceeded:0]]
[2022.05.02-03.18.19:234][  0]LogConfig: Setting CVar [[s.TimeLimitExceededMultiplier:1.5]]
[2022.05.02-03.18.19:234][  0]LogConfig: Setting CVar [[s.TimeLimitExceededMinTime:0.005]]
[2022.05.02-03.18.19:234][  0]LogConfig: Setting CVar [[s.UseBackgroundLevelStreaming:1]]
[2022.05.02-03.18.19:234][  0]LogConfig: Setting CVar [[s.PriorityAsyncLoadingExtraTime:15.0]]
[2022.05.02-03.18.19:234][  0]LogConfig: Setting CVar [[s.LevelStreamingActorsUpdateTimeLimit:5.0]]
[2022.05.02-03.18.19:234][  0]LogConfig: Setting CVar [[s.PriorityLevelStreamingActorsUpdateExtraTime:5.0]]
[2022.05.02-03.18.19:234][  0]LogConfig: Setting CVar [[s.LevelStreamingComponentsRegistrationGranularity:10]]
[2022.05.02-03.18.19:234][  0]LogConfig: Setting CVar [[s.UnregisterComponentsTimeLimit:1.0]]
[2022.05.02-03.18.19:234][  0]LogConfig: Setting CVar [[s.LevelStreamingComponentsUnregistrationGranularity:5]]
[2022.05.02-03.18.19:234][  0]LogConfig: Setting CVar [[s.FlushStreamingOnExit:1]]
[2022.05.02-03.18.19:234][  0]LogConfig: Applying CVar settings from Section [/Script/Engine.GarbageCollectionSettings] File [C:/Users/Aaron/source/repos/Graphics 2/Final/GPRO300Final_Digger/GPRODIggerFinal/Saved/Config/Windows/Engine.ini]
[2022.05.02-03.18.19:234][  0]LogConfig: Setting CVar [[gc.MaxObjectsNotConsideredByGC:1]]
[2022.05.02-03.18.19:234][  0]LogConfig: Setting CVar [[gc.SizeOfPermanentObjectPool:0]]
[2022.05.02-03.18.19:234][  0]LogConfig: Setting CVar [[gc.FlushStreamingOnGC:0]]
[2022.05.02-03.18.19:234][  0]LogConfig: Setting CVar [[gc.NumRetriesBeforeForcingGC:10]]
[2022.05.02-03.18.19:234][  0]LogConfig: Setting CVar [[gc.AllowParallelGC:1]]
[2022.05.02-03.18.19:234][  0]LogConfig: Setting CVar [[gc.TimeBetweenPurgingPendingKillObjects:61.1]]
[2022.05.02-03.18.19:234][  0]LogConfig: Setting CVar [[gc.MaxObjectsInEditor:25165824]]
[2022.05.02-03.18.19:234][  0]LogConfig: Setting CVar [[gc.IncrementalBeginDestroyEnabled:1]]
[2022.05.02-03.18.19:234][  0]LogConfig: Setting CVar [[gc.CreateGCClusters:1]]
[2022.05.02-03.18.19:235][  0]LogConfig: Setting CVar [[gc.MinGCClusterSize:5]]
[2022.05.02-03.18.19:235][  0]LogConfig: Setting CVar [[gc.ActorClusteringEnabled:0]]
[2022.05.02-03.18.19:235][  0]LogConfig: Setting CVar [[gc.BlueprintClusteringEnabled:0]]
[2022.05.02-03.18.19:235][  0]LogConfig: Setting CVar [[gc.UseDisregardForGCOnDedicatedServers:0]]
[2022.05.02-03.18.19:235][  0]LogConfig: Setting CVar [[gc.MultithreadedDestructionEnabled:1]]
[2022.05.02-03.18.19:235][  0]LogConfig: Applying CVar settings from Section [/Script/Engine.NetworkSettings] File [C:/Users/Aaron/source/repos/Graphics 2/Final/GPRO300Final_Digger/GPRODIggerFinal/Saved/Config/Windows/Engine.ini]
[2022.05.02-03.18.19:235][  0]LogConfig: Applying CVar settings from Section [/Script/UnrealEd.CookerSettings] File [C:/Users/Aaron/source/repos/Graphics 2/Final/GPRO300Final_Digger/GPRODIggerFinal/Saved/Config/Windows/Engine.ini]
[2022.05.02-03.18.19:254][  0]LogConfig: Applying CVar settings from Section [ViewDistanceQuality@3] File [C:/Users/Aaron/source/repos/Graphics 2/Final/GPRO300Final_Digger/GPRODIggerFinal/Saved/Config/Windows/Scalability.ini]
[2022.05.02-03.18.19:254][  0]LogConfig: Setting CVar [[r.SkeletalMeshLODBias:0]]
[2022.05.02-03.18.19:254][  0]LogConfig: Setting CVar [[r.ViewDistanceScale:1.0]]
[2022.05.02-03.18.19:255][  0]LogConfig: Applying CVar settings from Section [AntiAliasingQuality@3] File [C:/Users/Aaron/source/repos/Graphics 2/Final/GPRO300Final_Digger/GPRODIggerFinal/Saved/Config/Windows/Scalability.ini]
[2022.05.02-03.18.19:255][  0]LogConfig: Setting CVar [[r.PostProcessAAQuality:4]]
[2022.05.02-03.18.19:255][  0]LogConfig: Applying CVar settings from Section [ShadowQuality@3] File [C:/Users/Aaron/source/repos/Graphics 2/Final/GPRO300Final_Digger/GPRODIggerFinal/Saved/Config/Windows/Scalability.ini]
[2022.05.02-03.18.19:255][  0]LogConfig: Setting CVar [[r.LightFunctionQuality:1]]
[2022.05.02-03.18.19:255][  0]LogConfig: Setting CVar [[r.ShadowQuality:5]]
[2022.05.02-03.18.19:255][  0]LogConfig: Setting CVar [[r.Shadow.CSM.MaxCascades:10]]
[2022.05.02-03.18.19:255][  0]LogConfig: Setting CVar [[r.Shadow.MaxResolution:2048]]
[2022.05.02-03.18.19:255][  0]LogConfig: Setting CVar [[r.Shadow.MaxCSMResolution:2048]]
[2022.05.02-03.18.19:255][  0]LogConfig: Setting CVar [[r.Shadow.RadiusThreshold:0.01]]
[2022.05.02-03.18.19:255][  0]LogConfig: Setting CVar [[r.Shadow.DistanceScale:1.0]]
[2022.05.02-03.18.19:255][  0]LogConfig: Setting CVar [[r.Shadow.CSM.TransitionScale:1.0]]
[2022.05.02-03.18.19:255][  0]LogConfig: Setting CVar [[r.Shadow.PreShadowResolutionFactor:1.0]]
[2022.05.02-03.18.19:255][  0]LogConfig: Setting CVar [[r.DistanceFieldShadowing:1]]
[2022.05.02-03.18.19:255][  0]LogConfig: Setting CVar [[r.DistanceFieldAO:1]]
[2022.05.02-03.18.19:255][  0]LogConfig: Setting CVar [[r.AOQuality:2]]
[2022.05.02-03.18.19:255][  0]LogConfig: Setting CVar [[r.VolumetricFog:1]]
[2022.05.02-03.18.19:255][  0]LogConfig: Setting CVar [[r.VolumetricFog.GridPixelSize:8]]
[2022.05.02-03.18.19:255][  0]LogConfig: Setting CVar [[r.VolumetricFog.GridSizeZ:128]]
[2022.05.02-03.18.19:255][  0]LogConfig: Setting CVar [[r.VolumetricFog.HistoryMissSupersampleCount:4]]
[2022.05.02-03.18.19:255][  0]LogConfig: Setting CVar [[r.LightMaxDrawDistanceScale:1]]
[2022.05.02-03.18.19:255][  0]LogConfig: Setting CVar [[r.CapsuleShadows:1]]
[2022.05.02-03.18.19:255][  0]LogConfig: Applying CVar settings from Section [PostProcessQuality@3] File [C:/Users/Aaron/source/repos/Graphics 2/Final/GPRO300Final_Digger/GPRODIggerFinal/Saved/Config/Windows/Scalability.ini]
[2022.05.02-03.18.19:255][  0]LogConfig: Setting CVar [[r.MotionBlurQuality:4]]
[2022.05.02-03.18.19:255][  0]LogConfig: Setting CVar [[r.AmbientOcclusionMipLevelFactor:0.4]]
[2022.05.02-03.18.19:255][  0]LogConfig: Setting CVar [[r.AmbientOcclusionMaxQuality:100]]
[2022.05.02-03.18.19:255][  0]LogConfig: Setting CVar [[r.AmbientOcclusionLevels:-1]]
[2022.05.02-03.18.19:255][  0]LogConfig: Setting CVar [[r.AmbientOcclusionRadiusScale:1.0]]
[2022.05.02-03.18.19:255][  0]LogConfig: Setting CVar [[r.DepthOfFieldQuality:2]]
[2022.05.02-03.18.19:255][  0]LogConfig: Setting CVar [[r.RenderTargetPoolMin:400]]
[2022.05.02-03.18.19:255][  0]LogConfig: Setting CVar [[r.LensFlareQuality:2]]
[2022.05.02-03.18.19:255][  0]LogConfig: Setting CVar [[r.SceneColorFringeQuality:1]]
[2022.05.02-03.18.19:255][  0]LogConfig: Setting CVar [[r.EyeAdaptationQuality:2]]
[2022.05.02-03.18.19:255][  0]LogConfig: Setting CVar [[r.BloomQuality:5]]
[2022.05.02-03.18.19:255][  0]LogConfig: Setting CVar [[r.FastBlurThreshold:100]]
[2022.05.02-03.18.19:255][  0]LogConfig: Setting CVar [[r.Upscale.Quality:3]]
[2022.05.02-03.18.19:255][  0]LogConfig: Setting CVar [[r.Tonemapper.GrainQuantization:1]]
[2022.05.02-03.18.19:255][  0]LogConfig: Setting CVar [[r.LightShaftQuality:1]]
[2022.05.02-03.18.19:255][  0]LogConfig: Setting CVar [[r.Filter.SizeScale:1]]
[2022.05.02-03.18.19:255][  0]LogConfig: Setting CVar [[r.Tonemapper.Quality:5]]
[2022.05.02-03.18.19:255][  0]LogConfig: Setting CVar [[r.DOF.Gather.AccumulatorQuality:1        ; higher gathering accumulator quality]]
[2022.05.02-03.18.19:255][  0]LogConfig: Setting CVar [[r.DOF.Gather.PostfilterMethod:1          ; Median3x3 postfilering method]]
[2022.05.02-03.18.19:255][  0]LogConfig: Setting CVar [[r.DOF.Gather.EnableBokehSettings:0       ; no bokeh simulation when gathering]]
[2022.05.02-03.18.19:255][  0]LogConfig: Setting CVar [[r.DOF.Gather.RingCount:4                 ; medium number of samples when gathering]]
[2022.05.02-03.18.19:255][  0]LogConfig: Setting CVar [[r.DOF.Scatter.ForegroundCompositing:1    ; additive foreground scattering]]
[2022.05.02-03.18.19:255][  0]LogConfig: Setting CVar [[r.DOF.Scatter.BackgroundCompositing:2    ; additive background scattering]]
[2022.05.02-03.18.19:255][  0]LogConfig: Setting CVar [[r.DOF.Scatter.EnableBokehSettings:1      ; bokeh simulation when scattering]]
[2022.05.02-03.18.19:255][  0]LogConfig: Setting CVar [[r.DOF.Scatter.MaxSpriteRatio:0.1         ; only a maximum of 10% of scattered bokeh]]
[2022.05.02-03.18.19:255][  0]LogConfig: Setting CVar [[r.DOF.Recombine.Quality:1                ; cheap slight out of focus]]
[2022.05.02-03.18.19:255][  0]LogConfig: Setting CVar [[r.DOF.Recombine.EnableBokehSettings:0    ; no bokeh simulation on slight out of focus]]
[2022.05.02-03.18.19:255][  0]LogConfig: Setting CVar [[r.DOF.TemporalAAQuality:1                ; more stable temporal accumulation]]
[2022.05.02-03.18.19:255][  0]LogConfig: Setting CVar [[r.DOF.Kernel.MaxForegroundRadius:0.025]]
[2022.05.02-03.18.19:255][  0]LogConfig: Setting CVar [[r.DOF.Kernel.MaxBackgroundRadius:0.025]]
[2022.05.02-03.18.19:255][  0]LogConfig: Applying CVar settings from Section [TextureQuality@3] File [C:/Users/Aaron/source/repos/Graphics 2/Final/GPRO300Final_Digger/GPRODIggerFinal/Saved/Config/Windows/Scalability.ini]
[2022.05.02-03.18.19:255][  0]LogConfig: Setting CVar [[r.Streaming.MipBias:0]]
[2022.05.02-03.18.19:255][  0]LogConfig: Setting CVar [[r.Streaming.AmortizeCPUToGPUCopy:0]]
[2022.05.02-03.18.19:255][  0]LogConfig: Setting CVar [[r.Streaming.MaxNumTexturesToStreamPerFrame:0]]
[2022.05.02-03.18.19:255][  0]LogConfig: Setting CVar [[r.Streaming.Boost:1]]
[2022.05.02-03.18.19:255][  0]LogConfig: Setting CVar [[r.MaxAnisotropy:8]]
[2022.05.02-03.18.19:255][  0]LogConfig: Setting CVar [[r.VT.MaxAnisotropy:8]]
[2022.05.02-03.18.19:255][  0]LogConfig: Setting CVar [[r.Streaming.LimitPoolSizeToVRAM:0]]
[2022.05.02-03.18.19:255][  0]LogConfig: Setting CVar [[r.Streaming.PoolSize:1000]]
[2022.05.02-03.18.19:255][  0]LogConfig: Setting CVar [[r.Streaming.MaxEffectiveScreenSize:0]]
[2022.05.02-03.18.19:255][  0]LogConfig: Applying CVar settings from Section [EffectsQuality@3] File [C:/Users/Aaron/source/repos/Graphics 2/Final/GPRO300Final_Digger/GPRODIggerFinal/Saved/Config/Windows/Scalability.ini]
[2022.05.02-03.18.19:255][  0]LogConfig: Setting CVar [[r.TranslucencyLightingVolumeDim:64]]
[2022.05.02-03.18.19:255][  0]LogConfig: Setting CVar [[r.RefractionQuality:2]]
[2022.05.02-03.18.19:255][  0]LogConfig: Setting CVar [[r.SSR.Quality:3]]
[2022.05.02-03.18.19:255][  0]LogConfig: Setting CVar [[r.SSR.HalfResSceneColor:0]]
[2022.05.02-03.18.19:255][  0]LogConfig: Setting CVar [[r.SceneColorFormat:4]]
[2022.05.02-03.18.19:255][  0]LogConfig: Setting CVar [[r.DetailMode:2]]
[2022.05.02-03.18.19:255][  0]LogConfig: Setting CVar [[r.TranslucencyVolumeBlur:1]]
[2022.05.02-03.18.19:255][  0]LogConfig: Setting CVar [[r.MaterialQualityLevel:1 ; High quality]]
[2022.05.02-03.18.19:255][  0]LogConfig: Setting CVar [[r.AnisotropicMaterials:1]]
[2022.05.02-03.18.19:255][  0]LogConfig: Setting CVar [[r.SSS.Scale:1]]
[2022.05.02-03.18.19:255][  0]LogConfig: Setting CVar [[r.SSS.SampleSet:2]]
[2022.05.02-03.18.19:255][  0]LogConfig: Setting CVar [[r.SSS.Quality:1]]
[2022.05.02-03.18.19:255][  0]LogConfig: Setting CVar [[r.SSS.HalfRes:0]]
[2022.05.02-03.18.19:255][  0]LogConfig: Setting CVar [[r.SSGI.Quality:3]]
[2022.05.02-03.18.19:255][  0]LogConfig: Setting CVar [[r.EmitterSpawnRateScale:1.0]]
[2022.05.02-03.18.19:255][  0]LogConfig: Setting CVar [[r.ParticleLightQuality:2]]
[2022.05.02-03.18.19:255][  0]LogConfig: Setting CVar [[r.SkyAtmosphere.AerialPerspectiveLUT.FastApplyOnOpaque:1 ; Always have FastSkyLUT 1 in this case to avoid wrong sky]]
[2022.05.02-03.18.19:255][  0]LogConfig: Setting CVar [[r.SkyAtmosphere.AerialPerspectiveLUT.SampleCountMaxPerSlice:4]]
[2022.05.02-03.18.19:255][  0]LogConfig: Setting CVar [[r.SkyAtmosphere.AerialPerspectiveLUT.DepthResolution:16.0]]
[2022.05.02-03.18.19:255][  0]LogConfig: Setting CVar [[r.SkyAtmosphere.FastSkyLUT:1]]
[2022.05.02-03.18.19:255][  0]LogConfig: Setting CVar [[r.SkyAtmosphere.FastSkyLUT.SampleCountMin:4.0]]
[2022.05.02-03.18.19:255][  0]LogConfig: Setting CVar [[r.SkyAtmosphere.FastSkyLUT.SampleCountMax:128.0]]
[2022.05.02-03.18.19:255][  0]LogConfig: Setting CVar [[r.SkyAtmosphere.SampleCountMin:4.0]]
[2022.05.02-03.18.19:255][  0]LogConfig: Setting CVar [[r.SkyAtmosphere.SampleCountMax:128.0]]
[2022.05.02-03.18.19:255][  0]LogConfig: Setting CVar [[r.SkyAtmosphere.TransmittanceLUT.UseSmallFormat:0]]
[2022.05.02-03.18.19:255][  0]LogConfig: Setting CVar [[r.SkyAtmosphere.TransmittanceLUT.SampleCount:10.0]]
[2022.05.02-03.18.19:255][  0]LogConfig: Setting CVar [[r.SkyAtmosphere.MultiScatteringLUT.SampleCount:15.0]]
[2022.05.02-03.18.19:255][  0]LogConfig: Setting CVar [[r.SkyLight.RealTimeReflectionCapture:1]]
[2022.05.02-03.18.19:255][  0]LogConfig: Applying CVar settings from Section [FoliageQuality@3] File [C:/Users/Aaron/source/repos/Graphics 2/Final/GPRO300Final_Digger/GPRODIggerFinal/Saved/Config/Windows/Scalability.ini]
[2022.05.02-03.18.19:256][  0]LogConfig: Setting CVar [[foliage.DensityScale:1.0]]
[2022.05.02-03.18.19:256][  0]LogConfig: Setting CVar [[grass.DensityScale:1.0]]
[2022.05.02-03.18.19:256][  0]LogConfig: Applying CVar settings from Section [ShadingQuality@3] File [C:/Users/Aaron/source/repos/Graphics 2/Final/GPRO300Final_Digger/GPRODIggerFinal/Saved/Config/Windows/Scalability.ini]
[2022.05.02-03.18.19:256][  0]LogConfig: Setting CVar [[r.HairStrands.SkyLighting.IntegrationType:2]]
[2022.05.02-03.18.19:256][  0]LogConfig: Setting CVar [[r.HairStrands.SkyAO.SampleCount:4]]
[2022.05.02-03.18.19:256][  0]LogConfig: Setting CVar [[r.HairStrands.Visibility.MSAA.SamplePerPixel:4]]
[2022.05.02-03.18.19:256][  0]LogInit: Selected Device Profile: [Windows]
[2022.05.02-03.18.19:256][  0]LogInit: Applying CVar settings loaded from the selected device profile: [Windows]
[2022.05.02-03.18.19:256][  0]LogHAL: Display: Platform has ~ 16 GB [17142910976 / 17179869184 / 16], which maps to Larger [LargestMinGB=32, LargerMinGB=12, DefaultMinGB=8, SmallerMinGB=6, SmallestMinGB=0)
[2022.05.02-03.18.19:256][  0]LogInit: Going up to parent DeviceProfile []
[2022.05.02-03.18.19:256][  0]LogConfig: Applying CVar settings from Section [ViewDistanceQuality@3] File [C:/Users/Aaron/source/repos/Graphics 2/Final/GPRO300Final_Digger/GPRODIggerFinal/Saved/Config/Windows/Scalability.ini]
[2022.05.02-03.18.19:256][  0]LogConfig: Setting CVar [[r.SkeletalMeshLODBias:0]]
[2022.05.02-03.18.19:256][  0]LogConfig: Setting CVar [[r.ViewDistanceScale:1.0]]
[2022.05.02-03.18.19:256][  0]LogConfig: Applying CVar settings from Section [AntiAliasingQuality@3] File [C:/Users/Aaron/source/repos/Graphics 2/Final/GPRO300Final_Digger/GPRODIggerFinal/Saved/Config/Windows/Scalability.ini]
[2022.05.02-03.18.19:256][  0]LogConfig: Setting CVar [[r.PostProcessAAQuality:4]]
[2022.05.02-03.18.19:256][  0]LogConfig: Applying CVar settings from Section [ShadowQuality@3] File [C:/Users/Aaron/source/repos/Graphics 2/Final/GPRO300Final_Digger/GPRODIggerFinal/Saved/Config/Windows/Scalability.ini]
[2022.05.02-03.18.19:256][  0]LogConfig: Setting CVar [[r.LightFunctionQuality:1]]
[2022.05.02-03.18.19:256][  0]LogConfig: Setting CVar [[r.ShadowQuality:5]]
[2022.05.02-03.18.19:256][  0]LogConfig: Setting CVar [[r.Shadow.CSM.MaxCascades:10]]
[2022.05.02-03.18.19:256][  0]LogConfig: Setting CVar [[r.Shadow.MaxResolution:2048]]
[2022.05.02-03.18.19:256][  0]LogConfig: Setting CVar [[r.Shadow.MaxCSMResolution:2048]]
[2022.05.02-03.18.19:256][  0]LogConfig: Setting CVar [[r.Shadow.RadiusThreshold:0.01]]
[2022.05.02-03.18.19:256][  0]LogConfig: Setting CVar [[r.Shadow.DistanceScale:1.0]]
[2022.05.02-03.18.19:256][  0]LogConfig: Setting CVar [[r.Shadow.CSM.TransitionScale:1.0]]
[2022.05.02-03.18.19:256][  0]LogConfig: Setting CVar [[r.Shadow.PreShadowResolutionFactor:1.0]]
[2022.05.02-03.18.19:256][  0]LogConfig: Setting CVar [[r.DistanceFieldShadowing:1]]
[2022.05.02-03.18.19:256][  0]LogConfig: Setting CVar [[r.DistanceFieldAO:1]]
[2022.05.02-03.18.19:256][  0]LogConfig: Setting CVar [[r.AOQuality:2]]
[2022.05.02-03.18.19:256][  0]LogConfig: Setting CVar [[r.VolumetricFog:1]]
[2022.05.02-03.18.19:256][  0]LogConfig: Setting CVar [[r.VolumetricFog.GridPixelSize:8]]
[2022.05.02-03.18.19:256][  0]LogConfig: Setting CVar [[r.VolumetricFog.GridSizeZ:128]]
[2022.05.02-03.18.19:256][  0]LogConfig: Setting CVar [[r.VolumetricFog.HistoryMissSupersampleCount:4]]
[2022.05.02-03.18.19:256][  0]LogConfig: Setting CVar [[r.LightMaxDrawDistanceScale:1]]
[2022.05.02-03.18.19:256][  0]LogConfig: Setting CVar [[r.CapsuleShadows:1]]
[2022.05.02-03.18.19:256][  0]LogConfig: Applying CVar settings from Section [PostProcessQuality@3] File [C:/Users/Aaron/source/repos/Graphics 2/Final/GPRO300Final_Digger/GPRODIggerFinal/Saved/Config/Windows/Scalability.ini]
[2022.05.02-03.18.19:256][  0]LogConfig: Setting CVar [[r.MotionBlurQuality:4]]
[2022.05.02-03.18.19:256][  0]LogConfig: Setting CVar [[r.AmbientOcclusionMipLevelFactor:0.4]]
[2022.05.02-03.18.19:256][  0]LogConfig: Setting CVar [[r.AmbientOcclusionMaxQuality:100]]
[2022.05.02-03.18.19:256][  0]LogConfig: Setting CVar [[r.AmbientOcclusionLevels:-1]]
[2022.05.02-03.18.19:256][  0]LogConfig: Setting CVar [[r.AmbientOcclusionRadiusScale:1.0]]
[2022.05.02-03.18.19:256][  0]LogConfig: Setting CVar [[r.DepthOfFieldQuality:2]]
[2022.05.02-03.18.19:256][  0]LogConfig: Setting CVar [[r.RenderTargetPoolMin:400]]
[2022.05.02-03.18.19:256][  0]LogConfig: Setting CVar [[r.LensFlareQuality:2]]
[2022.05.02-03.18.19:256][  0]LogConfig: Setting CVar [[r.SceneColorFringeQuality:1]]
[2022.05.02-03.18.19:256][  0]LogConfig: Setting CVar [[r.EyeAdaptationQuality:2]]
[2022.05.02-03.18.19:256][  0]LogConfig: Setting CVar [[r.BloomQuality:5]]
[2022.05.02-03.18.19:256][  0]LogConfig: Setting CVar [[r.FastBlurThreshold:100]]
[2022.05.02-03.18.19:256][  0]LogConfig: Setting CVar [[r.Upscale.Quality:3]]
[2022.05.02-03.18.19:256][  0]LogConfig: Setting CVar [[r.Tonemapper.GrainQuantization:1]]
[2022.05.02-03.18.19:256][  0]LogConfig: Setting CVar [[r.LightShaftQuality:1]]
[2022.05.02-03.18.19:256][  0]LogConfig: Setting CVar [[r.Filter.SizeScale:1]]
[2022.05.02-03.18.19:256][  0]LogConfig: Setting CVar [[r.Tonemapper.Quality:5]]
[2022.05.02-03.18.19:256][  0]LogConfig: Setting CVar [[r.DOF.Gather.AccumulatorQuality:1        ; higher gathering accumulator quality]]
[2022.05.02-03.18.19:256][  0]LogConfig: Setting CVar [[r.DOF.Gather.PostfilterMethod:1          ; Median3x3 postfilering method]]
[2022.05.02-03.18.19:256][  0]LogConfig: Setting CVar [[r.DOF.Gather.EnableBokehSettings:0       ; no bokeh simulation when gathering]]
[2022.05.02-03.18.19:256][  0]LogConfig: Setting CVar [[r.DOF.Gather.RingCount:4                 ; medium number of samples when gathering]]
[2022.05.02-03.18.19:256][  0]LogConfig: Setting CVar [[r.DOF.Scatter.ForegroundCompositing:1    ; additive foreground scattering]]
[2022.05.02-03.18.19:256][  0]LogConfig: Setting CVar [[r.DOF.Scatter.BackgroundCompositing:2    ; additive background scattering]]
[2022.05.02-03.18.19:256][  0]LogConfig: Setting CVar [[r.DOF.Scatter.EnableBokehSettings:1      ; bokeh simulation when scattering]]
[2022.05.02-03.18.19:256][  0]LogConfig: Setting CVar [[r.DOF.Scatter.MaxSpriteRatio:0.1         ; only a maximum of 10% of scattered bokeh]]
[2022.05.02-03.18.19:256][  0]LogConfig: Setting CVar [[r.DOF.Recombine.Quality:1                ; cheap slight out of focus]]
[2022.05.02-03.18.19:256][  0]LogConfig: Setting CVar [[r.DOF.Recombine.EnableBokehSettings:0    ; no bokeh simulation on slight out of focus]]
[2022.05.02-03.18.19:256][  0]LogConfig: Setting CVar [[r.DOF.TemporalAAQuality:1                ; more stable temporal accumulation]]
[2022.05.02-03.18.19:256][  0]LogConfig: Setting CVar [[r.DOF.Kernel.MaxForegroundRadius:0.025]]
[2022.05.02-03.18.19:256][  0]LogConfig: Setting CVar [[r.DOF.Kernel.MaxBackgroundRadius:0.025]]
[2022.05.02-03.18.19:256][  0]LogConfig: Applying CVar settings from Section [TextureQuality@3] File [C:/Users/Aaron/source/repos/Graphics 2/Final/GPRO300Final_Digger/GPRODIggerFinal/Saved/Config/Windows/Scalability.ini]
[2022.05.02-03.18.19:256][  0]LogConfig: Setting CVar [[r.Streaming.MipBias:0]]
[2022.05.02-03.18.19:256][  0]LogConfig: Setting CVar [[r.Streaming.AmortizeCPUToGPUCopy:0]]
[2022.05.02-03.18.19:256][  0]LogConfig: Setting CVar [[r.Streaming.MaxNumTexturesToStreamPerFrame:0]]
[2022.05.02-03.18.19:256][  0]LogConfig: Setting CVar [[r.Streaming.Boost:1]]
[2022.05.02-03.18.19:256][  0]LogConfig: Setting CVar [[r.MaxAnisotropy:8]]
[2022.05.02-03.18.19:256][  0]LogConfig: Setting CVar [[r.VT.MaxAnisotropy:8]]
[2022.05.02-03.18.19:256][  0]LogConfig: Setting CVar [[r.Streaming.LimitPoolSizeToVRAM:0]]
[2022.05.02-03.18.19:256][  0]LogConfig: Setting CVar [[r.Streaming.PoolSize:1000]]
[2022.05.02-03.18.19:256][  0]LogConfig: Setting CVar [[r.Streaming.MaxEffectiveScreenSize:0]]
[2022.05.02-03.18.19:256][  0]LogConfig: Applying CVar settings from Section [EffectsQuality@3] File [C:/Users/Aaron/source/repos/Graphics 2/Final/GPRO300Final_Digger/GPRODIggerFinal/Saved/Config/Windows/Scalability.ini]
[2022.05.02-03.18.19:256][  0]LogConfig: Setting CVar [[r.TranslucencyLightingVolumeDim:64]]
[2022.05.02-03.18.19:256][  0]LogConfig: Setting CVar [[r.RefractionQuality:2]]
[2022.05.02-03.18.19:256][  0]LogConfig: Setting CVar [[r.SSR.Quality:3]]
[2022.05.02-03.18.19:256][  0]LogConfig: Setting CVar [[r.SSR.HalfResSceneColor:0]]
[2022.05.02-03.18.19:256][  0]LogConfig: Setting CVar [[r.SceneColorFormat:4]]
[2022.05.02-03.18.19:256][  0]LogConfig: Setting CVar [[r.DetailMode:2]]
[2022.05.02-03.18.19:256][  0]LogConfig: Setting CVar [[r.TranslucencyVolumeBlur:1]]
[2022.05.02-03.18.19:256][  0]LogConfig: Setting CVar [[r.MaterialQualityLevel:1 ; High quality]]
[2022.05.02-03.18.19:256][  0]LogConfig: Setting CVar [[r.AnisotropicMaterials:1]]
[2022.05.02-03.18.19:256][  0]LogConfig: Setting CVar [[r.SSS.Scale:1]]
[2022.05.02-03.18.19:256][  0]LogConfig: Setting CVar [[r.SSS.SampleSet:2]]
[2022.05.02-03.18.19:256][  0]LogConfig: Setting CVar [[r.SSS.Quality:1]]
[2022.05.02-03.18.19:256][  0]LogConfig: Setting CVar [[r.SSS.HalfRes:0]]
[2022.05.02-03.18.19:257][  0]LogConfig: Setting CVar [[r.SSGI.Quality:3]]
[2022.05.02-03.18.19:257][  0]LogConfig: Setting CVar [[r.EmitterSpawnRateScale:1.0]]
[2022.05.02-03.18.19:257][  0]LogConfig: Setting CVar [[r.ParticleLightQuality:2]]
[2022.05.02-03.18.19:257][  0]LogConfig: Setting CVar [[r.SkyAtmosphere.AerialPerspectiveLUT.FastApplyOnOpaque:1 ; Always have FastSkyLUT 1 in this case to avoid wrong sky]]
[2022.05.02-03.18.19:257][  0]LogConfig: Setting CVar [[r.SkyAtmosphere.AerialPerspectiveLUT.SampleCountMaxPerSlice:4]]
[2022.05.02-03.18.19:257][  0]LogConfig: Setting CVar [[r.SkyAtmosphere.AerialPerspectiveLUT.DepthResolution:16.0]]
[2022.05.02-03.18.19:257][  0]LogConfig: Setting CVar [[r.SkyAtmosphere.FastSkyLUT:1]]
[2022.05.02-03.18.19:257][  0]LogConfig: Setting CVar [[r.SkyAtmosphere.FastSkyLUT.SampleCountMin:4.0]]
[2022.05.02-03.18.19:257][  0]LogConfig: Setting CVar [[r.SkyAtmosphere.FastSkyLUT.SampleCountMax:128.0]]
[2022.05.02-03.18.19:257][  0]LogConfig: Setting CVar [[r.SkyAtmosphere.SampleCountMin:4.0]]
[2022.05.02-03.18.19:257][  0]LogConfig: Setting CVar [[r.SkyAtmosphere.SampleCountMax:128.0]]
[2022.05.02-03.18.19:257][  0]LogConfig: Setting CVar [[r.SkyAtmosphere.TransmittanceLUT.UseSmallFormat:0]]
[2022.05.02-03.18.19:257][  0]LogConfig: Setting CVar [[r.SkyAtmosphere.TransmittanceLUT.SampleCount:10.0]]
[2022.05.02-03.18.19:257][  0]LogConfig: Setting CVar [[r.SkyAtmosphere.MultiScatteringLUT.SampleCount:15.0]]
[2022.05.02-03.18.19:257][  0]LogConfig: Setting CVar [[r.SkyLight.RealTimeReflectionCapture:1]]
[2022.05.02-03.18.19:257][  0]LogConfig: Applying CVar settings from Section [FoliageQuality@3] File [C:/Users/Aaron/source/repos/Graphics 2/Final/GPRO300Final_Digger/GPRODIggerFinal/Saved/Config/Windows/Scalability.ini]
[2022.05.02-03.18.19:257][  0]LogConfig: Setting CVar [[foliage.DensityScale:1.0]]
[2022.05.02-03.18.19:257][  0]LogConfig: Setting CVar [[grass.DensityScale:1.0]]
[2022.05.02-03.18.19:257][  0]LogConfig: Applying CVar settings from Section [ShadingQuality@3] File [C:/Users/Aaron/source/repos/Graphics 2/Final/GPRO300Final_Digger/GPRODIggerFinal/Saved/Config/Windows/Scalability.ini]
[2022.05.02-03.18.19:257][  0]LogConfig: Setting CVar [[r.HairStrands.SkyLighting.IntegrationType:2]]
[2022.05.02-03.18.19:257][  0]LogConfig: Setting CVar [[r.HairStrands.SkyAO.SampleCount:4]]
[2022.05.02-03.18.19:257][  0]LogConfig: Setting CVar [[r.HairStrands.Visibility.MSAA.SamplePerPixel:4]]
[2022.05.02-03.18.19:257][  0]LogConfig: Applying CVar settings from Section [Startup] File [../../../Engine/Config/ConsoleVariables.ini]
[2022.05.02-03.18.19:257][  0]LogConfig: Setting CVar [[net.UseAdaptiveNetUpdateFrequency:0]]
[2022.05.02-03.18.19:257][  0]LogConfig: Setting CVar [[p.chaos.AllowCreatePhysxBodies:1]]
[2022.05.02-03.18.19:257][  0]LogConfig: Setting CVar [[fx.SkipVectorVMBackendOptimizations:1]]
[2022.05.02-03.18.19:257][  0]LogConfig: Applying CVar settings from Section [ConsoleVariables] File [C:/Users/Aaron/source/repos/Graphics 2/Final/GPRO300Final_Digger/GPRODIggerFinal/Saved/Config/Windows/Engine.ini]
[2022.05.02-03.18.19:257][  0]LogConfig: Applying CVar settings from Section [ConsoleVariables] File [C:/Users/Aaron/source/repos/Graphics 2/Final/GPRO300Final_Digger/GPRODIggerFinal/Saved/Config/Windows/Editor.ini]
[2022.05.02-03.18.19:257][  0]LogInit: Computer: GAMINGPC
[2022.05.02-03.18.19:257][  0]LogInit: User: Aaron
[2022.05.02-03.18.19:257][  0]LogInit: CPU Page size=4096, Cores=4
[2022.05.02-03.18.19:257][  0]LogInit: High frequency timer resolution =10.000000 MHz
[2022.05.02-03.18.19:257][  0]LogMemory: Memory total: Physical=16.0GB (16GB approx)
[2022.05.02-03.18.19:257][  0]LogMemory: Platform Memory Stats for Windows
[2022.05.02-03.18.19:257][  0]LogMemory: Process Physical Memory: 147.31 MB used, 147.32 MB peak
[2022.05.02-03.18.19:257][  0]LogMemory: Process Virtual Memory: 120.32 MB used, 120.32 MB peak
[2022.05.02-03.18.19:257][  0]LogMemory: Physical Memory: 6818.69 MB used,  9530.07 MB free, 16348.75 MB total
[2022.05.02-03.18.19:257][  0]LogMemory: Virtual Memory: 134210744.00 MB used,  6984.50 MB free, 134217728.00 MB total
[2022.05.02-03.18.19:261][  0]LogWindows: WindowsPlatformFeatures enabled
[2022.05.02-03.18.19:312][  0]LogInit: Physics initialised using underlying interface: PhysX
[2022.05.02-03.18.19:315][  0]LogInit: Using OS detected language (en-US).
[2022.05.02-03.18.19:315][  0]LogInit: Using OS detected locale (en-US).
[2022.05.02-03.18.19:319][  0]LogTextLocalizationManager: No specific localization for 'en-US' exists, so the 'en' localization will be used.
[2022.05.02-03.18.19:479][  0]LogInit: Setting process to per monitor DPI aware
[2022.05.02-03.18.19:488][  0]LogWindowsTextInputMethodSystem: Display: IME system deactivated.
[2022.05.02-03.18.19:500][  0]LogSlate: New Slate User Created.  User Index 0, Is Virtual User: 0
[2022.05.02-03.18.19:500][  0]LogSlate: Slate User Registered.  User Index 0, Is Virtual User: 0
[2022.05.02-03.18.19:613][  0]LogD3D11RHI: Loaded GFSDK_Aftermath_Lib.x64.dll
[2022.05.02-03.18.19:616][  0]LogHMD: Failed to initialize OpenVR with code 110
[2022.05.02-03.18.19:616][  0]LogD3D11RHI: D3D11 min allowed feature level: 11_0
[2022.05.02-03.18.19:616][  0]LogD3D11RHI: D3D11 max allowed feature level: 11_0
[2022.05.02-03.18.19:616][  0]LogD3D11RHI: D3D11 adapters:
[2022.05.02-03.18.19:706][  0]LogD3D11RHI:    0. 'NVIDIA GeForce GTX 1070' (Feature Level 11_0)
[2022.05.02-03.18.19:706][  0]LogD3D11RHI:       8088/0/8174 MB DedicatedVideo/DedicatedSystem/SharedSystem, Outputs:1, VendorId:0x10de
[2022.05.02-03.18.19:709][  0]LogD3D11RHI:    1. 'Microsoft Basic Render Driver' (Feature Level 11_0)
[2022.05.02-03.18.19:709][  0]LogD3D11RHI:       0/0/8174 MB DedicatedVideo/DedicatedSystem/SharedSystem, Outputs:0, VendorId:0x1414
[2022.05.02-03.18.19:709][  0]LogD3D11RHI: Chosen D3D11 Adapter:
[2022.05.02-03.18.19:709][  0]LogD3D11RHI:     Description : NVIDIA GeForce GTX 1070
[2022.05.02-03.18.19:709][  0]LogD3D11RHI:     VendorId    : 10de
[2022.05.02-03.18.19:709][  0]LogD3D11RHI:     DeviceId    : 1b81
[2022.05.02-03.18.19:709][  0]LogD3D11RHI:     SubSysId    : 85991043
[2022.05.02-03.18.19:709][  0]LogD3D11RHI:     Revision    : 00a1
[2022.05.02-03.18.19:709][  0]LogD3D11RHI:     DedicatedVideoMemory : 8480882688 bytes
[2022.05.02-03.18.19:709][  0]LogD3D11RHI:     DedicatedSystemMemory : 0 bytes
[2022.05.02-03.18.19:709][  0]LogD3D11RHI:     SharedSystemMemory : 8571455488 bytes
[2022.05.02-03.18.19:709][  0]LogD3D11RHI:     AdapterLuid : 0 44607
[2022.05.02-03.18.19:713][  0]LogD3D11RHI: Creating new Direct3DDevice
[2022.05.02-03.18.19:713][  0]LogD3D11RHI:     GPU DeviceId: 0x1b81 (for the marketing name, search the web for "GPU Device Id")
[2022.05.02-03.18.19:713][  0]LogWindows: EnumDisplayDevices:
[2022.05.02-03.18.19:713][  0]LogWindows:    0. 'NVIDIA GeForce GTX 1070' (P:1 D:1)
[2022.05.02-03.18.19:713][  0]LogWindows:    1. 'NVIDIA GeForce GTX 1070' (P:0 D:0)
[2022.05.02-03.18.19:714][  0]LogWindows:    2. 'NVIDIA GeForce GTX 1070' (P:0 D:0)
[2022.05.02-03.18.19:714][  0]LogWindows:    3. 'NVIDIA GeForce GTX 1070' (P:0 D:0)
[2022.05.02-03.18.19:714][  0]LogWindows: DebugString: FoundDriverCount:4 
[2022.05.02-03.18.19:714][  0]LogD3D11RHI:     Adapter Name: NVIDIA GeForce GTX 1070
[2022.05.02-03.18.19:714][  0]LogD3D11RHI:   Driver Version: 512.15 (internal:30.0.15.1215, unified:512.15)
[2022.05.02-03.18.19:714][  0]LogD3D11RHI:      Driver Date: 3-17-2022
[2022.05.02-03.18.19:714][  0]LogRHI: Texture pool is 5661 MB (70% of 8088 MB)
[2022.05.02-03.18.19:714][  0]LogD3D11RHI: Creating D3DDevice using adapter:
[2022.05.02-03.18.19:714][  0]LogD3D11RHI:     Description : NVIDIA GeForce GTX 1070
[2022.05.02-03.18.19:714][  0]LogD3D11RHI:     VendorId    : 10de
[2022.05.02-03.18.19:714][  0]LogD3D11RHI:     DeviceId    : 1b81
[2022.05.02-03.18.19:714][  0]LogD3D11RHI:     SubSysId    : 85991043
[2022.05.02-03.18.19:714][  0]LogD3D11RHI:     Revision    : 00a1
[2022.05.02-03.18.19:714][  0]LogD3D11RHI:     DedicatedVideoMemory : 8480882688 bytes
[2022.05.02-03.18.19:714][  0]LogD3D11RHI:     DedicatedSystemMemory : 0 bytes
[2022.05.02-03.18.19:714][  0]LogD3D11RHI:     SharedSystemMemory : 8571455488 bytes
[2022.05.02-03.18.19:714][  0]LogD3D11RHI:     AdapterLuid : 0 44607
[2022.05.02-03.18.19:768][  0]LogD3D11RHI: RHI has support for 64 bit atomics
[2022.05.02-03.18.19:768][  0]LogD3D11RHI: Async texture creation enabled
[2022.05.02-03.18.19:768][  0]LogD3D11RHI: Array index from any shader is supported
[2022.05.02-03.18.19:790][  0]LogD3D11RHI: GPU Timing Frequency: 1000.000000 (Debug: 2 1)
[2022.05.02-03.18.19:826][  0]LogRHI: GeForceNow SDK initialized: 1
[2022.05.02-03.18.20:099][  0]LogTargetPlatformManager: Display: Loaded TargetPlatform 'AllDesktop'
[2022.05.02-03.18.20:118][  0]LogTargetPlatformManager: Display: Loaded TargetPlatform 'Android'
[2022.05.02-03.18.20:118][  0]LogTargetPlatformManager: Display: Loaded TargetPlatform 'Android_ASTC'
[2022.05.02-03.18.20:118][  0]LogTargetPlatformManager: Display: Loaded TargetPlatform 'Android_DXT'
[2022.05.02-03.18.20:118][  0]LogTargetPlatformManager: Display: Loaded TargetPlatform 'Android_ETC2'
[2022.05.02-03.18.20:118][  0]LogTargetPlatformManager: Display: Loaded TargetPlatform 'AndroidClient'
[2022.05.02-03.18.20:118][  0]LogTargetPlatformManager: Display: Loaded TargetPlatform 'Android_ASTCClient'
[2022.05.02-03.18.20:118][  0]LogTargetPlatformManager: Display: Loaded TargetPlatform 'Android_DXTClient'
[2022.05.02-03.18.20:118][  0]LogTargetPlatformManager: Display: Loaded TargetPlatform 'Android_ETC2Client'
[2022.05.02-03.18.20:118][  0]LogTargetPlatformManager: Display: Loaded TargetPlatform 'Android_Multi'
[2022.05.02-03.18.20:118][  0]LogTargetPlatformManager: Display: Loaded TargetPlatform 'Android_MultiClient'
[2022.05.02-03.18.20:134][  0]LogTargetPlatformManager: Display: Loaded TargetPlatform 'IOSClient'
[2022.05.02-03.18.20:134][  0]LogTargetPlatformManager: Display: Loaded TargetPlatform 'IOS'
[2022.05.02-03.18.20:143][  0]LogTargetPlatformManager: Display: Loaded TargetPlatform 'Linux'
[2022.05.02-03.18.20:147][  0]LogTargetPlatformManager: Display: Loaded TargetPlatform 'LinuxNoEditor'
[2022.05.02-03.18.20:150][  0]LogTargetPlatformManager: Display: Loaded TargetPlatform 'LinuxClient'
[2022.05.02-03.18.20:154][  0]LogTargetPlatformManager: Display: Loaded TargetPlatform 'LinuxServer'
[2022.05.02-03.18.20:163][  0]LogTargetPlatformManager: Display: Loaded TargetPlatform 'LinuxAArch64NoEditor'
[2022.05.02-03.18.20:166][  0]LogTargetPlatformManager: Display: Loaded TargetPlatform 'LinuxAArch64Client'
[2022.05.02-03.18.20:170][  0]LogTargetPlatformManager: Display: Loaded TargetPlatform 'LinuxAArch64Server'
[2022.05.02-03.18.20:192][  0]LogTargetPlatformManager: Display: Loaded TargetPlatform 'Lumin'
[2022.05.02-03.18.20:192][  0]LogTargetPlatformManager: Display: Loaded TargetPlatform 'LuminClient'
[2022.05.02-03.18.20:200][  0]LogTargetPlatformManager: Display: Loaded TargetPlatform 'MacNoEditor'
[2022.05.02-03.18.20:203][  0]LogTargetPlatformManager: Display: Loaded TargetPlatform 'Mac'
[2022.05.02-03.18.20:207][  0]LogTargetPlatformManager: Display: Loaded TargetPlatform 'MacClient'
[2022.05.02-03.18.20:210][  0]LogTargetPlatformManager: Display: Loaded TargetPlatform 'MacServer'
[2022.05.02-03.18.20:219][  0]LogTargetPlatformManager: Display: Loaded TargetPlatform 'TVOSClient'
[2022.05.02-03.18.20:219][  0]LogTargetPlatformManager: Display: Loaded TargetPlatform 'TVOS'
[2022.05.02-03.18.20:227][  0]LogTargetPlatformManager: Display: Loaded TargetPlatform 'WindowsNoEditor'
[2022.05.02-03.18.20:231][  0]LogTargetPlatformManager: Display: Loaded TargetPlatform 'Windows'
[2022.05.02-03.18.20:235][  0]LogTargetPlatformManager: Display: Loaded TargetPlatform 'WindowsClient'
[2022.05.02-03.18.20:238][  0]LogTargetPlatformManager: Display: Loaded TargetPlatform 'WindowsServer'
[2022.05.02-03.18.20:238][  0]LogTargetPlatformManager: Display: Building Assets For Windows
[2022.05.02-03.18.20:244][  0]LogAudioDebug: Display: Lib vorbis DLL was dynamically loaded.
[2022.05.02-03.18.20:268][  0]LogTextureFormatOodle: Display: Oodle Texture 2.9.0 init RDO Off
[2022.05.02-03.18.20:301][  0]LogRendererCore: Ray tracing is disabled. Reason: r.RayTracing=0.
[2022.05.02-03.18.20:301][  0]LogShaderCompilers: Guid format shader working directory is -49 characters bigger than the processId version (../../../../../../Users/Aaron/source/repos/Graphics 2/Final/GPRO300Final_Digger/GPRODIggerFinal/Intermediate/Shaders/WorkingDirectory/9988/).
[2022.05.02-03.18.20:301][  0]LogShaderCompilers: Cleaned the shader compiler working directory 'C:/Users/Aaron/AppData/Local/Temp/UnrealShaderWorkingDir/BD1EF6CB4005D4EABF41C9A12B6B70EA/'.
[2022.05.02-03.18.20:301][  0]LogXGEController: Cannot use XGE Controller as Incredibuild is not installed on this machine.
[2022.05.02-03.18.20:301][  0]LogShaderCompilers: Cannot use XGE Shader Compiler as Incredibuild is not installed on this machine.
[2022.05.02-03.18.20:301][  0]LogShaderCompilers: Display: Using Local Shader Compiler.
[2022.05.02-03.18.20:948][  0]LogDerivedDataCache: Display: Max Cache Size: 512 MB
[2022.05.02-03.18.20:991][  0]LogDerivedDataCache: Loaded boot cache 0.04s 94MB C:/Users/Aaron/AppData/Local/UnrealEngine/4.27/DerivedDataCache/Boot.ddc.
[2022.05.02-03.18.20:991][  0]LogDerivedDataCache: Display: Loaded Boot cache: C:/Users/Aaron/AppData/Local/UnrealEngine/4.27/DerivedDataCache/Boot.ddc
[2022.05.02-03.18.20:991][  0]LogDerivedDataCache: FDerivedDataBackendGraph:  Pak pak cache file ../../../../../../Users/Aaron/source/repos/Graphics 2/Final/GPRO300Final_Digger/GPRODIggerFinal/DerivedDataCache/DDC.ddp not found, will not use a pak cache.
[2022.05.02-03.18.20:991][  0]LogDerivedDataCache: Unable to find inner node Pak for hierarchical cache Hierarchy.
[2022.05.02-03.18.20:991][  0]LogDerivedDataCache: FDerivedDataBackendGraph:  CompressedPak pak cache file ../../../../../../Users/Aaron/source/repos/Graphics 2/Final/GPRO300Final_Digger/GPRODIggerFinal/DerivedDataCache/Compressed.ddp not found, will not use a pak cache.
[2022.05.02-03.18.20:991][  0]LogDerivedDataCache: Unable to find inner node CompressedPak for hierarchical cache Hierarchy.
[2022.05.02-03.18.21:005][  0]LogDerivedDataCache: Display: Pak cache opened for reading ../../../Engine/DerivedDataCache/Compressed.ddp.
[2022.05.02-03.18.21:005][  0]LogDerivedDataCache: FDerivedDataBackendGraph:  EnterprisePak pak cache file ../../../Enterprise/DerivedDataCache/Compressed.ddp not found, will not use a pak cache.
[2022.05.02-03.18.21:005][  0]LogDerivedDataCache: Unable to find inner node EnterprisePak for hierarchical cache Hierarchy.
[2022.05.02-03.18.21:012][  0]LogDerivedDataCache: Speed tests for C:/Users/Aaron/AppData/Local/UnrealEngine/Common/DerivedDataCache took 0.01 seconds
[2022.05.02-03.18.21:012][  0]LogDerivedDataCache: Display: Performance to C:/Users/Aaron/AppData/Local/UnrealEngine/Common/DerivedDataCache: Latency=0.02ms. RandomReadSpeed=354.53MBs, RandomWriteSpeed=244.51MBs. Assigned SpeedClass 'Local'
[2022.05.02-03.18.21:012][  0]LogDerivedDataCache: Using Local data cache path C:/Users/Aaron/AppData/Local/UnrealEngine/Common/DerivedDataCache: Writable
[2022.05.02-03.18.21:012][  0]LogDerivedDataCache: Shared data cache path not found in *engine.ini, will not use an Shared cache.
[2022.05.02-03.18.21:012][  0]LogDerivedDataCache: Unable to find inner node Shared for hierarchical cache Hierarchy.
[2022.05.02-03.18.21:051][  0]LogSlate: Using FreeType 2.10.0
[2022.05.02-03.18.21:052][  0]LogSlate: SlateFontServices - WITH_FREETYPE: 1, WITH_HARFBUZZ: 1
[2022.05.02-03.18.21:073][  0]LogAssetRegistry: FAssetRegistry took 0.0024 seconds to start up
[2022.05.02-03.18.21:314][  0]LogInit: Selected Device Profile: [Windows]
[2022.05.02-03.18.21:314][  0]LogInit: Active device profile: [00000116858B9300][00000116F7FD4DC0 49] Windows
[2022.05.02-03.18.21:314][  0]LogInit: Profiles: [00000116858B9300][00000116F7FD4DC0 49] Windows, [00000116858AB000][0000011683CBD080 49] WindowsNoEditor, [00000116858BA400][0000011683CC1340 49] WindowsServer, [00000116858ABF00][0000011683CC5600 49] WindowsClient, [00000116858BB300][0000011683CC98C0 49] IOS, [00000116858A9200][0000011683CCDB80 49] iPadAir, [00000116858BBE00][0000011685CE02C0 49] iPadAir2, [000001168584E100][0000011685CF4800 49] IPadPro, [000001168584E200][0000011685CE4840 49] iPadAir3, [00000116858A9B00][0000011685CECB00 49] iPadAir4, [000001168584F100][0000011683CB8D80 49] iPadMini2, [00000116858AB300][0000011685CE9000 49] iPadMini3, [000001168584FE00][0000011685CF92C0 49] iPadMini4, [00000116858AA400][0000011685CFD580 49] iPadMini5, [00000116858A5A00][0000011685D11AC0 49] iPhone6, [00000116858A5B00][0000011685D01B00 49] iPodTouch6, [00000116858BAE00][0000011685D184C0 49] iPhone7, [00000116858BB100][0000011685D08500 49] iPodTouch7, [000001168584DC00][0000011685D0C7C0 49] iPhone5S, [00000116858B9200][0000011685D04A80 49] iPhone6Plus, [000001168584D800][0000011685D14D40 49] iPhone6S, [00000116858B8400][0000011685CF0FC0 49] iPhone6SPlus, [000001168584CE00][0000011685D1D240 49] iPhone7Plus, [00000116858BB000][0000011685D25500 49] iPhoneSE, [000001168584CA00][0000011685D2D7C0 49] iPhone8, [00000116858B8800][0000011685D31A80 49] iPhone8Plus, [00000116858B9D00][0000011685D981C0 49] iPhoneX, [00000116858A4800][0000011685DD4480 49] iPhoneXS, [00000116858BAD00][0000011685DE0740 49] iPhoneXSMax, [00000116858A4F00][0000011685DE4A00 49] iPhoneXR, [00000116858B9A00][0000011685DECCC0 49] iPhone11, [00000116858A5300][0000011685E5CF80 49] iPhone11Pro, [00000116858A4400][0000011685D21200 49] iPhone11ProMax, [000001168584F200][0000011685E61480 49] iPhoneSE2, [00000116858A6300][0000011685E69740 49] iPhone12Mini, [000001168584D400][0000011685E6DA00 49] iPhone12, [00000116858A6D00][0000011685EF0140 49] iPhone12Pro, [000001168584F700][0000011685EF4400 49] iPhone12ProMax, [00000116858A6E00][0000011685EF86C0 49] iPadPro105, [000001168584E400][00000116F80D8980 49] iPadPro129, [00000116858A6F00][00000116F80DCC40 49] iPadPro97, [000001168584F800][00000116F80F8F00 49] iPadPro2_129, [00000116858B9600][00000116F80FD1C0 49] iPad5, [000001168584DB00][0000011685E65440 49] iPad6, [00000116858BB700][00000116F79C36C0 49] iPad7, [000001168584C100][00000116F79F7980 49] iPad8, [00000116858B9E00][00000116F7A160C0 49] iPadPro11, [000001168584EF00][00000116F7820380 49] iPadPro2_11, [00000116858BBA00][00000116F7824640 49] iPadPro3_129, [000001168584EB00][00000116F7828900 49] iPadPro4_129, [00000116858BA900][00000116F782CBC0 49] AppleTV, [000001168584C200][00000116F7840E80 49] AppleTV4K, [00000116858BA500][00000116F788B140 49] TVOS, [000001168584D900][00000116F788F400 49] Mac, [00000116858B8E00][00000116F79EB680 49] MacClient, [000001168584C800][00000116F7893900 49] MacNoEditor, [00000116858B9800][00000116F789BBC0 49] MacServer, [000001168584DE00][00000116F789E300 49] Linux, [00000116858B9000][00000116FF2E25C0 49] LinuxAArch64, [000001168584C300][00000116FF2E6880 49] LinuxNoEditor, [00000116858B8600][00000116FF308B40 49] LinuxAArch64NoEditor, [000001168584FF00][00000116FF30CE00 49] LinuxClient, [00000116858B8100][00000116FF3110C0 49] LinuxAArch64Client, [000001168584C600][00000116FF315380 49] LinuxServer, [00000116858B9500][00000116FF35B640 49] LinuxAArch64Server, [000001168584ED00][00000116F78978C0 49] Android, [00000116858B8D00][00000116FF35FB40 49] Android_Low, [000001168584D600][00000116FF366280 49] Android_Mid, [00000116858BB400][00000116FF36A540 49] Android_High, [000001168584CB00][0000011686016800 49] Android_Default, [00000116858B9F00][000001168601AAC0 49] Android_Adreno4xx, [000001168584D500][000001168601ED80 49] Android_Adreno5xx_Low, [00000116858BB500][00000116860CF040 49] Android_Adreno5xx, [000001168584C700][00000116860D3300 49] Android_Adreno6xx, [00000116858B9C00][00000116860D75C0 49] Android_Adreno6xx_Vulkan, [000001168584E800][0000011686911880 49] Android_Mali_T6xx, [00000116858BA300][00000116FF363B00 49] Android_Mali_T7xx, [000001168584D700][0000011686914200 49] Android_Mali_T8xx, [00000116858BA800][000001168691C4C0 49] Android_Mali_G71, [000001168584F400][0000011686920780 49] Android_Mali_G72, [00000116858B8700][0000011686924A40 49] Android_Mali_G72_Vulkan, [000001168584E700][000001168694AD00 49] Android_Mali_G76, [00000116858A7900][0000011686962FC0 49] Android_Mali_G76_Vulkan, [00000116858A8900][000001168696F280 49] Android_Mali_G77, [00000116858A7200][00000116865C3540 49] Android_Mali_G77_Vulkan, [00000116858A8D00][00000116865C7800 49] Android_Mali_G78, [00000116858A4C00][0000011686639AC0 49] Android_Mali_G78_Vulkan, [00000116858A8B00][00000116869181C0 49] Android_Mali_G710, [00000116858A4500][00000116838D4440 49] Android_Mali_G710_Vulkan, [00000116858A9D00][00000116838DC700 49] Android_Vulkan_SM5, [00000116858A4200][00000116838E09C0 49] Android_PowerVR_G6xxx, [00000116858ABB00][00000116838E4C80 49] Android_PowerVR_GT7xxx, [00000116858A7700][00000116838E8F40 49] Android_PowerVR_GE8xxx, [00000116858A8200][00000116838ED200 49] Android_PowerVR_GM9xxx, [00000116858A6200][00000116838F14C0 49] Android_PowerVR_GM9xxx_Vulkan, [00000116858AA900][00000116838F5780 49] Android_TegraK1, [00000116858A4E00][00000116838F9A40 49] Android_Unknown_Vulkan, [00000116858A9600][00000116838FC180 49] Lumin, [00000116858A5100][00000116838D8400 49] Lumin_Desktop, [00000116858AAC00][00000116839046C0 49] HoloLens, 
[2022.05.02-03.18.21:479][  0]LogMeshReduction: Using QuadricMeshReduction for automatic static mesh reduction
[2022.05.02-03.18.21:479][  0]LogMeshReduction: Using SimplygonMeshReduction for automatic skeletal mesh reduction
[2022.05.02-03.18.21:479][  0]LogMeshReduction: Using ProxyLODMeshReduction for automatic mesh merging
[2022.05.02-03.18.21:479][  0]LogMeshReduction: No distributed automatic mesh merging module available
[2022.05.02-03.18.21:479][  0]LogMeshMerging: No distributed automatic mesh merging module available
[2022.05.02-03.18.21:495][  0]LogNetVersion: GPRODIggerFinal 1.0.0, NetCL: 17155196, EngineNetVer: 17, GameNetVer: 0 (Checksum: 3339731922)
[2022.05.02-03.18.21:945][  0]LogTexture: Default maximum texture size for cubemaps generated from long-lat sources has been changed from 512 to unlimited. In order to preserve old behaiour for '/Engine/MapTemplates/Sky/DaylightAmbientCubemap.DaylightAmbientCubemap', its maximum texture size has been explicitly set to 512.
[2022.05.02-03.18.22:011][  0]LogHMD: PokeAHoleMaterial loaded successfully
[2022.05.02-03.18.22:019][  0]LogUObjectArray: 17178 objects as part of root set at end of initial load.
[2022.05.02-03.18.22:019][  0]LogUObjectAllocator: 4302048 out of 0 bytes used by permanent object pool.
[2022.05.02-03.18.22:019][  0]LogUObjectArray: CloseDisregardForGC: 0/0 objects in disregard for GC pool
[2022.05.02-03.18.22:272][  0]LogNiagaraDebuggerClient: Niagara Debugger Client Initialized | Session: 9864A4EE48EAE6D14F3B01A2322E2F6C | Instance: 7526A54949B8C307A3C99C8B5F305C00 (GAMINGPC-9988).
[2022.05.02-03.18.22:398][  0]LogPython: Using Python 3.7.7
[2022.05.02-03.18.22:878][  0]LogTcpMessaging: Initializing TcpMessaging bridge
[2022.05.02-03.18.22:883][  0]LogUdpMessaging: Initializing bridge on interface 0.0.0.0:0 to multicast group 230.0.0.1:6666.
[2022.05.02-03.18.22:967][  0]SourceControl: Source control is disabled
[2022.05.02-03.18.22:967][  0]SourceControl: Source control is disabled
[2022.05.02-03.18.22:970][  0]SourceControl: Source control is disabled
[2022.05.02-03.18.22:972][  0]SourceControl: Source control is disabled
[2022.05.02-03.18.22:981][  0]SourceControl: Source control is disabled
[2022.05.02-03.18.22:983][  0]LogUProjectInfo: Found projects:
[2022.05.02-03.18.23:164][  0]LogOpenImageDenoise: OIDN starting up
[2022.05.02-03.18.23:188][  0]LogAndroidPermission: UAndroidPermissionCallbackProxy::GetInstance
[2022.05.02-03.18.23:201][  0]LogAudioCaptureCore: Display: No Audio Capture implementations found. Audio input will be silent.
[2022.05.02-03.18.23:201][  0]LogAudioCaptureCore: Display: No Audio Capture implementations found. Audio input will be silent.
[2022.05.02-03.18.23:343][  0]LogCollectionManager: Loaded 0 collections in 0.001878 seconds
[2022.05.02-03.18.23:362][  0]LogFileCache: Scanning file cache for directory 'C:/Users/Aaron/source/repos/Graphics 2/Final/GPRO300Final_Digger/GPRODIggerFinal/Saved/Collections/' took 0.00s
[2022.05.02-03.18.23:362][  0]LogFileCache: Scanning file cache for directory 'C:/Users/Aaron/source/repos/Graphics 2/Final/GPRO300Final_Digger/GPRODIggerFinal/Content/Developers/Aaron/Collections/' took 0.00s
[2022.05.02-03.18.23:362][  0]LogFileCache: Scanning file cache for directory 'C:/Users/Aaron/source/repos/Graphics 2/Final/GPRO300Final_Digger/GPRODIggerFinal/Content/Collections/' took 0.00s
[2022.05.02-03.18.23:362][  0]LogOcInput: OculusInput pre-init called
[2022.05.02-03.18.23:557][  0]LogEngine: Initializing Engine...
[2022.05.02-03.18.23:563][  0]LogHMD: Failed to enumerate extensions. Please check that you have a valid OpenXR runtime installed.
[2022.05.02-03.18.23:563][  0]LogHMD: Failed to initialize OpenVR with code 110
[2022.05.02-03.18.23:563][  0]LogMagicLeap: Warning: VR disabled because ZI is not enabled.  To enable, in the editor, Edit -> Project Settings -> Plugins -> Magic Leap Plugin -> Enable Zero Iteration
[2022.05.02-03.18.23:564][  0]LogStats: UGameplayTagsManager::InitializeManager -  0.000 s
[2022.05.02-03.18.23:666][  0]LogInit: Initializing FReadOnlyCVARCache
[2022.05.02-03.18.23:675][  0]LogAIModule: Creating AISystem for world Untitled
[2022.05.02-03.18.23:675][  0]LogAudio: Display: Initializing Audio Device Manager...
[2022.05.02-03.18.23:678][  0]LogAudio: Display: Loading Default Audio Settings Objects...
[2022.05.02-03.18.23:678][  0]LogAudio: Display: No default SoundConcurrencyObject specified (or failed to load).
[2022.05.02-03.18.23:678][  0]LogAudio: Display: Audio Device Manager Initialized
[2022.05.02-03.18.23:678][  0]LogAudio: Display: Creating Audio Device:                 Id: 1, Scope: Shared, Realtime: True
[2022.05.02-03.18.23:678][  0]LogAudioMixer: Display: Audio Mixer Platform Settings:
[2022.05.02-03.18.23:678][  0]LogAudioMixer: Display: 	Sample Rate:						  48000
[2022.05.02-03.18.23:678][  0]LogAudioMixer: Display: 	Callback Buffer Frame Size Requested: 1024
[2022.05.02-03.18.23:679][  0]LogAudioMixer: Display: 	Callback Buffer Frame Size To Use:	  1024
[2022.05.02-03.18.23:679][  0]LogAudioMixer: Display: 	Number of buffers to queue:			  2
[2022.05.02-03.18.23:679][  0]LogAudioMixer: Display: 	Max Channels (voices):				  32
[2022.05.02-03.18.23:679][  0]LogAudioMixer: Display: 	Number of Async Source Workers:		  0
[2022.05.02-03.18.23:679][  0]LogAudio: Display: AudioDevice MaxSources: 32
[2022.05.02-03.18.23:679][  0]LogAudio: Display: Audio Spatialization Plugin: None (built-in).
[2022.05.02-03.18.23:679][  0]LogAudio: Display: Audio Reverb Plugin: None (built-in).
[2022.05.02-03.18.23:679][  0]LogAudio: Display: Audio Occlusion Plugin: None (built-in).
[2022.05.02-03.18.23:679][  0]LogAudioMixer: Display: Initializing audio mixer.
[2022.05.02-03.18.23:690][  0]LogAudioMixer: Display: 0: FrontLeft
[2022.05.02-03.18.23:690][  0]LogAudioMixer: Display: 1: FrontRight
[2022.05.02-03.18.23:716][  0]LogAudioMixer: Display: Using Audio Device Game One (Realtek High Definition Audio)
[2022.05.02-03.18.23:717][  0]LogAudioMixer: Display: Initializing Sound Submixes...
[2022.05.02-03.18.23:718][  0]LogAudioMixer: Display: Creating Master Submix 'MasterSubmixDefault'
[2022.05.02-03.18.23:718][  0]LogAudioMixer: Display: Creating Master Submix 'MasterReverbSubmixDefault'
[2022.05.02-03.18.23:719][  0]LogAudioMixer: Display: Creating Master Submix 'MasterEQSubmixDefault'
[2022.05.02-03.18.23:719][  0]LogAudioMixer: FMixerPlatformXAudio2::StartAudioStream() called
[2022.05.02-03.18.23:719][  0]LogAudioMixer: Display: Output buffers initialized: Frames=1024, Channels=2, Samples=2048
[2022.05.02-03.18.23:720][  0]LogAudioMixer: Display: Starting AudioMixerPlatformInterface::RunInternal()
[2022.05.02-03.18.23:720][  0]LogAudioMixer: Display: FMixerPlatformXAudio2::SubmitBuffer() called for the first time
[2022.05.02-03.18.23:720][  0]LogInit: FAudioDevice initialized.
[2022.05.02-03.18.23:720][  0]LogAudio: Display: Audio Device (ID: 1) registered with world 'Untitled'.
[2022.05.02-03.18.23:720][  0]LogNetVersion: Set ProjectVersion to 1.0.0.0. Version Checksum will be recalculated on next use.
[2022.05.02-03.18.23:787][  0]LogDerivedDataCache: Saved boot cache 0.07s 94MB C:/Users/Aaron/AppData/Local/UnrealEngine/4.27/DerivedDataCache/Boot.ddc.
[2022.05.02-03.18.23:788][  0]LogInit: Texture streaming: Enabled
[2022.05.02-03.18.23:797][  0]LogAnalytics: Display: [UEEditor.Rocket.Release] APIServer = https://datarouter.ol.epicgames.com/. AppVersion = 4.27.2-18319896+++UE4+Release-4.27
[2022.05.02-03.18.23:800][  0]LogEngineSessionManager: EngineSessionManager initialized
[2022.05.02-03.18.23:800][  0]LogEditorSessionSummary: Verbose: Initializing EditorSessionSummaryWriter for editor session tracking
[2022.05.02-03.18.23:801][  0]LogEditorSessionSummary: EditorSessionSummaryWriter initialized
[2022.05.02-03.18.23:820][  0]LogInit: Transaction tracking system initialized
[2022.05.02-03.18.23:839][  0]BlueprintLog: New page: Editor Load
[2022.05.02-03.18.23:888][  0]LocalizationService: Localization service is disabled
[2022.05.02-03.18.23:910][  0]TimingProfiler: Initialize
[2022.05.02-03.18.23:910][  0]TimingProfiler: OnSessionChanged
[2022.05.02-03.18.23:910][  0]LoadingProfiler: Initialize
[2022.05.02-03.18.23:910][  0]LoadingProfiler: OnSessionChanged
[2022.05.02-03.18.23:910][  0]NetworkingProfiler: Initialize
[2022.05.02-03.18.23:910][  0]NetworkingProfiler: OnSessionChanged
[2022.05.02-03.18.23:910][  0]MemoryProfiler: Initialize
[2022.05.02-03.18.23:910][  0]MemoryProfiler: OnSessionChanged
[2022.05.02-03.18.24:024][  0]LogCook: Display: CookSettings for Memory: MemoryMaxUsedVirtual 0MiB, MemoryMaxUsedPhysical 16384MiB, MemoryMinFreeVirtual 0MiB, MemoryMinFreePhysical 1024MiB
[2022.05.02-03.18.24:024][  0]LogCook: Display: Mobile HDR setting 0
[2022.05.02-03.18.24:041][  0]LogFileCache: Scanning file cache for directory 'C:/Users/Aaron/source/repos/Graphics 2/Final/GPRO300Final_Digger/GPRODIggerFinal/Content/' took 0.00s
[2022.05.02-03.18.24:331][  0]LogInit: Display: Engine is initialized. Leaving FEngineLoop::Init()
[2022.05.02-03.18.24:335][  0]SourceControl: Source control is disabled
[2022.05.02-03.18.24:335][  0]LogUnrealEdMisc: Loading editor; pre map load, took 6.049
[2022.05.02-03.18.24:335][  0]LightingResults: New page: Lighting Build
[2022.05.02-03.18.24:336][  0]LogWorld: UWorld::CleanupWorld for Untitled, bSessionEnded=true, bCleanupResources=true
[2022.05.02-03.18.24:336][  0]LogSlate: InvalidateAllWidgets triggered.  All widgets were invalidated
[2022.05.02-03.18.24:336][  0]MapCheck: New page: Map Check
[2022.05.02-03.18.24:336][  0]LightingResults: New page: Lighting Build
[2022.05.02-03.18.24:340][  0]LogAudio: Display: Audio Device unregistered from world 'None'.
[2022.05.02-03.18.24:342][  0]LogUObjectHash: Compacting FUObjectHashTables data took   0.62ms
[2022.05.02-03.18.24:377][  0]LogLinker: Warning: [AssetLog] C:\Users\Aaron\source\repos\Graphics 2\Final\GPRO300Final_Digger\GPRODIggerFinal\Content\2DSideScrollerBP\Maps\2DSideScrollerExampleMap.umap: Failed to load '/Game/2DSideScrollerBP/Maps/2DSideScrollerExampleMap_BuiltData': Can't find file.
[2022.05.02-03.18.24:377][  0]LogLinker: Warning: [AssetLog] C:\Users\Aaron\source\repos\Graphics 2\Final\GPRO300Final_Digger\GPRODIggerFinal\Content\2DSideScrollerBP\Maps\2DSideScrollerExampleMap.umap: Failed to load '/Game/2DSideScrollerBP/Maps/2DSideScrollerExampleMap_BuiltData': Can't find file.
[2022.05.02-03.18.24:379][  0]LogLinker: Warning: [AssetLog] C:\Users\Aaron\source\repos\Graphics 2\Final\GPRO300Final_Digger\GPRODIggerFinal\Content\2DSideScrollerBP\Maps\2DSideScrollerExampleMap.umap: Failed to load '/Game/2DSideScrollerBP/Maps/2DSideScrollerExampleMap_BuiltData': Can't find file.
[2022.05.02-03.18.24:379][  0]LogLinker: Warning: Failed to load '/Game/2DSideScrollerBP/Maps/2DSideScrollerExampleMap_BuiltData': Can't find file.
[2022.05.02-03.18.24:380][  0]LogLinker: Warning: Failed to load '/Game/2DSideScrollerBP/Maps/2DSideScrollerExampleMap_BuiltData': Can't find file.
[2022.05.02-03.18.24:384][  0]LogLinker: Warning: [AssetLog] C:\Users\Aaron\source\repos\Graphics 2\Final\GPRO300Final_Digger\GPRODIggerFinal\Content\2DSideScrollerBP\Maps\2DSideScrollerExampleMap.umap: Failed to load '/Game/2DSideScrollerBP/Maps/2DSideScrollerExampleMap_BuiltData': Can't find file.
[2022.05.02-03.18.24:384][  0]LoadErrors: Failed to load /Game/2DSideScrollerBP/Maps/2DSideScrollerExampleMap_BuiltData.2DSideScrollerExampleMap_BuiltData Referenced by PersistentLevel
[2022.05.02-03.18.24:396][  0]LogAudio: Display: Audio Device (ID: 1) registered with world '2DSideScrollerExampleMap'.
[2022.05.02-03.18.24:397][  0]LogAIModule: Creating AISystem for world 2DSideScrollerExampleMap
[2022.05.02-03.18.24:404][  0]LogEditorServer: Finished looking for orphan Actors (0.000 secs)
[2022.05.02-03.18.24:412][  0]LogUObjectHash: Compacting FUObjectHashTables data took   0.65ms
[2022.05.02-03.18.24:412][  0]Cmd: MAP CHECKDEP NOCLEARLOG
[2022.05.02-03.18.24:412][  0]MapCheck: Map check complete: 0 Error(s), 0 Warning(s), took 0.118ms to complete.
[2022.05.02-03.18.24:412][  0]LogFileHelpers: Loading map '2DSideScrollerExampleMap' took 0.078
[2022.05.02-03.18.24:414][  0]LogUnrealEdMisc: Total Editor Startup Time, took 6.128
[2022.05.02-03.18.24:495][  0]LogSlate: Updating window title bar state: overlay mode, drag disabled, window buttons hidden, title bar hidden
[2022.05.02-03.18.24:501][  0]LogSlate: Updating window title bar state: overlay mode, drag disabled, window buttons hidden, title bar hidden
[2022.05.02-03.18.24:505][  0]LogSlate: Updating window title bar state: overlay mode, drag disabled, window buttons hidden, title bar hidden
[2022.05.02-03.18.24:511][  0]LogSlate: Updating window title bar state: overlay mode, drag disabled, window buttons hidden, title bar hidden
[2022.05.02-03.18.24:526][  0]LogNativeClassHierarchy: Verbose: Native class hierarchy populated in 0.0079 seconds. Added 3822 classes and 928 folders.
[2022.05.02-03.18.24:530][  0]LogNativeClassHierarchy: Verbose: Native class hierarchy updated for 'WidgetCarousel' in 0.0002 seconds. Added 0 classes and 0 folders.
[2022.05.02-03.18.24:531][  0]LogPakFile: PakFile PrimaryIndexSize=187
[2022.05.02-03.18.24:531][  0]LogPakFile: PakFile PathHashIndexSize=101
[2022.05.02-03.18.24:531][  0]LogPakFile: PakFile FullDirectoryIndexSize=148
[2022.05.02-03.18.24:531][  0]LogShaderLibrary: Display: ShaderCodeLibraryPakFileMountedCallback: PakFile 'C:/Program Files/Epic Games/UE_4.27/FeaturePacks/FP_FirstPerson.upack' (chunk index -1, root 'root:/') mounted
[2022.05.02-03.18.24:531][  0]LogShaderLibrary: Display: ShaderCodeLibraryPakFileMountedCallback: pending pak file info (ChunkID:-1 Root:root:/ File:C:/Program Files/Epic Games/UE_4.27/FeaturePacks/FP_FirstPerson.upack)
[2022.05.02-03.18.24:531][  0]LogPakFile: OnPakFileMounted2Time == 0.000047
[2022.05.02-03.18.24:532][  0]LogPakFile: PakFile PrimaryIndexSize=189
[2022.05.02-03.18.24:532][  0]LogPakFile: PakFile PathHashIndexSize=101
[2022.05.02-03.18.24:532][  0]LogPakFile: PakFile FullDirectoryIndexSize=152
[2022.05.02-03.18.24:532][  0]LogShaderLibrary: Display: ShaderCodeLibraryPakFileMountedCallback: PakFile 'C:/Program Files/Epic Games/UE_4.27/FeaturePacks/FP_FirstPersonBP.upack' (chunk index -1, root 'root:/') mounted
[2022.05.02-03.18.24:532][  0]LogShaderLibrary: Display: ShaderCodeLibraryPakFileMountedCallback: pending pak file info (ChunkID:-1 Root:root:/ File:C:/Program Files/Epic Games/UE_4.27/FeaturePacks/FP_FirstPersonBP.upack)
[2022.05.02-03.18.24:532][  0]LogPakFile: OnPakFileMounted2Time == 0.000033
[2022.05.02-03.18.24:532][  0]LogPakFile: PakFile PrimaryIndexSize=191
[2022.05.02-03.18.24:532][  0]LogPakFile: PakFile PathHashIndexSize=101
[2022.05.02-03.18.24:532][  0]LogPakFile: PakFile FullDirectoryIndexSize=160
[2022.05.02-03.18.24:532][  0]LogShaderLibrary: Display: ShaderCodeLibraryPakFileMountedCallback: PakFile 'C:/Program Files/Epic Games/UE_4.27/FeaturePacks/MobileStarterContent.upack' (chunk index -1, root 'root:/') mounted
[2022.05.02-03.18.24:532][  0]LogShaderLibrary: Display: ShaderCodeLibraryPakFileMountedCallback: pending pak file info (ChunkID:-1 Root:root:/ File:C:/Program Files/Epic Games/UE_4.27/FeaturePacks/MobileStarterContent.upack)
[2022.05.02-03.18.24:532][  0]LogPakFile: OnPakFileMounted2Time == 0.000029
[2022.05.02-03.18.24:533][  0]LogPakFile: PakFile PrimaryIndexSize=185
[2022.05.02-03.18.24:533][  0]LogPakFile: PakFile PathHashIndexSize=101
[2022.05.02-03.18.24:533][  0]LogPakFile: PakFile FullDirectoryIndexSize=148
[2022.05.02-03.18.24:533][  0]LogShaderLibrary: Display: ShaderCodeLibraryPakFileMountedCallback: PakFile 'C:/Program Files/Epic Games/UE_4.27/FeaturePacks/StarterContent.upack' (chunk index -1, root 'root:/') mounted
[2022.05.02-03.18.24:533][  0]LogShaderLibrary: Display: ShaderCodeLibraryPakFileMountedCallback: pending pak file info (ChunkID:-1 Root:root:/ File:C:/Program Files/Epic Games/UE_4.27/FeaturePacks/StarterContent.upack)
[2022.05.02-03.18.24:533][  0]LogPakFile: OnPakFileMounted2Time == 0.000030
[2022.05.02-03.18.24:533][  0]LogPakFile: PakFile PrimaryIndexSize=190
[2022.05.02-03.18.24:533][  0]LogPakFile: PakFile PathHashIndexSize=101
[2022.05.02-03.18.24:533][  0]LogPakFile: PakFile FullDirectoryIndexSize=154
[2022.05.02-03.18.24:533][  0]LogShaderLibrary: Display: ShaderCodeLibraryPakFileMountedCallback: PakFile 'C:/Program Files/Epic Games/UE_4.27/FeaturePacks/TP_2DSideScroller.upack' (chunk index -1, root 'root:/') mounted
[2022.05.02-03.18.24:533][  0]LogShaderLibrary: Display: ShaderCodeLibraryPakFileMountedCallback: pending pak file info (ChunkID:-1 Root:root:/ File:C:/Program Files/Epic Games/UE_4.27/FeaturePacks/TP_2DSideScroller.upack)
[2022.05.02-03.18.24:533][  0]LogPakFile: OnPakFileMounted2Time == 0.000032
[2022.05.02-03.18.24:534][  0]LogPakFile: PakFile PrimaryIndexSize=192
[2022.05.02-03.18.24:534][  0]LogPakFile: PakFile PathHashIndexSize=101
[2022.05.02-03.18.24:534][  0]LogPakFile: PakFile FullDirectoryIndexSize=158
[2022.05.02-03.18.24:534][  0]LogShaderLibrary: Display: ShaderCodeLibraryPakFileMountedCallback: PakFile 'C:/Program Files/Epic Games/UE_4.27/FeaturePacks/TP_2DSideScrollerBP.upack' (chunk index -1, root 'root:/') mounted
[2022.05.02-03.18.24:534][  0]LogShaderLibrary: Display: ShaderCodeLibraryPakFileMountedCallback: pending pak file info (ChunkID:-1 Root:root:/ File:C:/Program Files/Epic Games/UE_4.27/FeaturePacks/TP_2DSideScrollerBP.upack)
[2022.05.02-03.18.24:534][  0]LogPakFile: OnPakFileMounted2Time == 0.000028
[2022.05.02-03.18.24:534][  0]LogPakFile: PakFile PrimaryIndexSize=182
[2022.05.02-03.18.24:534][  0]LogPakFile: PakFile PathHashIndexSize=101
[2022.05.02-03.18.24:534][  0]LogPakFile: PakFile FullDirectoryIndexSize=138
[2022.05.02-03.18.24:534][  0]LogShaderLibrary: Display: ShaderCodeLibraryPakFileMountedCallback: PakFile 'C:/Program Files/Epic Games/UE_4.27/FeaturePacks/TP_Flying.upack' (chunk index -1, root 'root:/') mounted
[2022.05.02-03.18.24:534][  0]LogShaderLibrary: Display: ShaderCodeLibraryPakFileMountedCallback: pending pak file info (ChunkID:-1 Root:root:/ File:C:/Program Files/Epic Games/UE_4.27/FeaturePacks/TP_Flying.upack)
[2022.05.02-03.18.24:534][  0]LogPakFile: OnPakFileMounted2Time == 0.000029
[2022.05.02-03.18.24:534][  0]LogPakFile: PakFile PrimaryIndexSize=184
[2022.05.02-03.18.24:534][  0]LogPakFile: PakFile PathHashIndexSize=101
[2022.05.02-03.18.24:534][  0]LogPakFile: PakFile FullDirectoryIndexSize=142
[2022.05.02-03.18.24:534][  0]LogShaderLibrary: Display: ShaderCodeLibraryPakFileMountedCallback: PakFile 'C:/Program Files/Epic Games/UE_4.27/FeaturePacks/TP_FlyingBP.upack' (chunk index -1, root 'root:/') mounted
[2022.05.02-03.18.24:534][  0]LogShaderLibrary: Display: ShaderCodeLibraryPakFileMountedCallback: pending pak file info (ChunkID:-1 Root:root:/ File:C:/Program Files/Epic Games/UE_4.27/FeaturePacks/TP_FlyingBP.upack)
[2022.05.02-03.18.24:534][  0]LogPakFile: OnPakFileMounted2Time == 0.000029
[2022.05.02-03.18.24:535][  0]LogPakFile: PakFile PrimaryIndexSize=188
[2022.05.02-03.18.24:535][  0]LogPakFile: PakFile PathHashIndexSize=101
[2022.05.02-03.18.24:535][  0]LogPakFile: PakFile FullDirectoryIndexSize=150
[2022.05.02-03.18.24:535][  0]LogShaderLibrary: Display: ShaderCodeLibraryPakFileMountedCallback: PakFile 'C:/Program Files/Epic Games/UE_4.27/FeaturePacks/TP_HandheldARBP.upack' (chunk index -1, root 'root:/') mounted
[2022.05.02-03.18.24:535][  0]LogShaderLibrary: Display: ShaderCodeLibraryPakFileMountedCallback: pending pak file info (ChunkID:-1 Root:root:/ File:C:/Program Files/Epic Games/UE_4.27/FeaturePacks/TP_HandheldARBP.upack)
[2022.05.02-03.18.24:535][  0]LogPakFile: OnPakFileMounted2Time == 0.000028
[2022.05.02-03.18.24:535][  0]LogPakFile: PakFile PrimaryIndexSize=182
[2022.05.02-03.18.24:535][  0]LogPakFile: PakFile PathHashIndexSize=101
[2022.05.02-03.18.24:535][  0]LogPakFile: PakFile FullDirectoryIndexSize=138
[2022.05.02-03.18.24:535][  0]LogShaderLibrary: Display: ShaderCodeLibraryPakFileMountedCallback: PakFile 'C:/Program Files/Epic Games/UE_4.27/FeaturePacks/TP_Puzzle.upack' (chunk index -1, root 'root:/') mounted
[2022.05.02-03.18.24:535][  0]LogShaderLibrary: Display: ShaderCodeLibraryPakFileMountedCallback: pending pak file info (ChunkID:-1 Root:root:/ File:C:/Program Files/Epic Games/UE_4.27/FeaturePacks/TP_Puzzle.upack)
[2022.05.02-03.18.24:535][  0]LogPakFile: OnPakFileMounted2Time == 0.000028
[2022.05.02-03.18.24:536][  0]LogPakFile: PakFile PrimaryIndexSize=184
[2022.05.02-03.18.24:536][  0]LogPakFile: PakFile PathHashIndexSize=101
[2022.05.02-03.18.24:536][  0]LogPakFile: PakFile FullDirectoryIndexSize=142
[2022.05.02-03.18.24:536][  0]LogShaderLibrary: Display: ShaderCodeLibraryPakFileMountedCallback: PakFile 'C:/Program Files/Epic Games/UE_4.27/FeaturePacks/TP_PuzzleBP.upack' (chunk index -1, root 'root:/') mounted
[2022.05.02-03.18.24:536][  0]LogShaderLibrary: Display: ShaderCodeLibraryPakFileMountedCallback: pending pak file info (ChunkID:-1 Root:root:/ File:C:/Program Files/Epic Games/UE_4.27/FeaturePacks/TP_PuzzleBP.upack)
[2022.05.02-03.18.24:536][  0]LogPakFile: OnPakFileMounted2Time == 0.000032
[2022.05.02-03.18.24:536][  0]LogPakFile: PakFile PrimaryIndexSize=183
[2022.05.02-03.18.24:536][  0]LogPakFile: PakFile PathHashIndexSize=101
[2022.05.02-03.18.24:536][  0]LogPakFile: PakFile FullDirectoryIndexSize=140
[2022.05.02-03.18.24:536][  0]LogShaderLibrary: Display: ShaderCodeLibraryPakFileMountedCallback: PakFile 'C:/Program Files/Epic Games/UE_4.27/FeaturePacks/TP_Rolling.upack' (chunk index -1, root 'root:/') mounted
[2022.05.02-03.18.24:536][  0]LogShaderLibrary: Display: ShaderCodeLibraryPakFileMountedCallback: pending pak file info (ChunkID:-1 Root:root:/ File:C:/Program Files/Epic Games/UE_4.27/FeaturePacks/TP_Rolling.upack)
[2022.05.02-03.18.24:536][  0]LogPakFile: OnPakFileMounted2Time == 0.000028
[2022.05.02-03.18.24:537][  0]LogPakFile: PakFile PrimaryIndexSize=185
[2022.05.02-03.18.24:537][  0]LogPakFile: PakFile PathHashIndexSize=101
[2022.05.02-03.18.24:537][  0]LogPakFile: PakFile FullDirectoryIndexSize=144
[2022.05.02-03.18.24:537][  0]LogShaderLibrary: Display: ShaderCodeLibraryPakFileMountedCallback: PakFile 'C:/Program Files/Epic Games/UE_4.27/FeaturePacks/TP_RollingBP.upack' (chunk index -1, root 'root:/') mounted
[2022.05.02-03.18.24:537][  0]LogShaderLibrary: Display: ShaderCodeLibraryPakFileMountedCallback: pending pak file info (ChunkID:-1 Root:root:/ File:C:/Program Files/Epic Games/UE_4.27/FeaturePacks/TP_RollingBP.upack)
[2022.05.02-03.18.24:537][  0]LogPakFile: OnPakFileMounted2Time == 0.000028
[2022.05.02-03.18.24:537][  0]LogPakFile: PakFile PrimaryIndexSize=188
[2022.05.02-03.18.24:537][  0]LogPakFile: PakFile PathHashIndexSize=101
[2022.05.02-03.18.24:537][  0]LogPakFile: PakFile FullDirectoryIndexSize=150
[2022.05.02-03.18.24:537][  0]LogShaderLibrary: Display: ShaderCodeLibraryPakFileMountedCallback: PakFile 'C:/Program Files/Epic Games/UE_4.27/FeaturePacks/TP_SideScroller.upack' (chunk index -1, root 'root:/') mounted
[2022.05.02-03.18.24:537][  0]LogShaderLibrary: Display: ShaderCodeLibraryPakFileMountedCallback: pending pak file info (ChunkID:-1 Root:root:/ File:C:/Program Files/Epic Games/UE_4.27/FeaturePacks/TP_SideScroller.upack)
[2022.05.02-03.18.24:537][  0]LogPakFile: OnPakFileMounted2Time == 0.000028
[2022.05.02-03.18.24:538][  0]LogPakFile: PakFile PrimaryIndexSize=190
[2022.05.02-03.18.24:538][  0]LogPakFile: PakFile PathHashIndexSize=101
[2022.05.02-03.18.24:538][  0]LogPakFile: PakFile FullDirectoryIndexSize=154
[2022.05.02-03.18.24:538][  0]LogShaderLibrary: Display: ShaderCodeLibraryPakFileMountedCallback: PakFile 'C:/Program Files/Epic Games/UE_4.27/FeaturePacks/TP_SideScrollerBP.upack' (chunk index -1, root 'root:/') mounted
[2022.05.02-03.18.24:538][  0]LogShaderLibrary: Display: ShaderCodeLibraryPakFileMountedCallback: pending pak file info (ChunkID:-1 Root:root:/ File:C:/Program Files/Epic Games/UE_4.27/FeaturePacks/TP_SideScrollerBP.upack)
[2022.05.02-03.18.24:538][  0]LogPakFile: OnPakFileMounted2Time == 0.000029
[2022.05.02-03.18.24:538][  0]LogPakFile: PakFile PrimaryIndexSize=187
[2022.05.02-03.18.24:538][  0]LogPakFile: PakFile PathHashIndexSize=101
[2022.05.02-03.18.24:538][  0]LogPakFile: PakFile FullDirectoryIndexSize=148
[2022.05.02-03.18.24:538][  0]LogShaderLibrary: Display: ShaderCodeLibraryPakFileMountedCallback: PakFile 'C:/Program Files/Epic Games/UE_4.27/FeaturePacks/TP_ThirdPerson.upack' (chunk index -1, root 'root:/') mounted
[2022.05.02-03.18.24:538][  0]LogShaderLibrary: Display: ShaderCodeLibraryPakFileMountedCallback: pending pak file info (ChunkID:-1 Root:root:/ File:C:/Program Files/Epic Games/UE_4.27/FeaturePacks/TP_ThirdPerson.upack)
[2022.05.02-03.18.24:538][  0]LogPakFile: OnPakFileMounted2Time == 0.000030
[2022.05.02-03.18.24:539][  0]LogPakFile: PakFile PrimaryIndexSize=189
[2022.05.02-03.18.24:539][  0]LogPakFile: PakFile PathHashIndexSize=101
[2022.05.02-03.18.24:539][  0]LogPakFile: PakFile FullDirectoryIndexSize=152
[2022.05.02-03.18.24:539][  0]LogShaderLibrary: Display: ShaderCodeLibraryPakFileMountedCallback: PakFile 'C:/Program Files/Epic Games/UE_4.27/FeaturePacks/TP_ThirdPersonBP.upack' (chunk index -1, root 'root:/') mounted
[2022.05.02-03.18.24:539][  0]LogShaderLibrary: Display: ShaderCodeLibraryPakFileMountedCallback: pending pak file info (ChunkID:-1 Root:root:/ File:C:/Program Files/Epic Games/UE_4.27/FeaturePacks/TP_ThirdPersonBP.upack)
[2022.05.02-03.18.24:539][  0]LogPakFile: OnPakFileMounted2Time == 0.000028
[2022.05.02-03.18.24:539][  0]LogPakFile: PakFile PrimaryIndexSize=183
[2022.05.02-03.18.24:539][  0]LogPakFile: PakFile PathHashIndexSize=101
[2022.05.02-03.18.24:539][  0]LogPakFile: PakFile FullDirectoryIndexSize=140
[2022.05.02-03.18.24:539][  0]LogShaderLibrary: Display: ShaderCodeLibraryPakFileMountedCallback: PakFile 'C:/Program Files/Epic Games/UE_4.27/FeaturePacks/TP_TopDown.upack' (chunk index -1, root 'root:/') mounted
[2022.05.02-03.18.24:539][  0]LogShaderLibrary: Display: ShaderCodeLibraryPakFileMountedCallback: pending pak file info (ChunkID:-1 Root:root:/ File:C:/Program Files/Epic Games/UE_4.27/FeaturePacks/TP_TopDown.upack)
[2022.05.02-03.18.24:539][  0]LogPakFile: OnPakFileMounted2Time == 0.000034
[2022.05.02-03.18.24:540][  0]LogPakFile: PakFile PrimaryIndexSize=185
[2022.05.02-03.18.24:540][  0]LogPakFile: PakFile PathHashIndexSize=101
[2022.05.02-03.18.24:540][  0]LogPakFile: PakFile FullDirectoryIndexSize=144
[2022.05.02-03.18.24:540][  0]LogShaderLibrary: Display: ShaderCodeLibraryPakFileMountedCallback: PakFile 'C:/Program Files/Epic Games/UE_4.27/FeaturePacks/TP_TopDownBP.upack' (chunk index -1, root 'root:/') mounted
[2022.05.02-03.18.24:540][  0]LogShaderLibrary: Display: ShaderCodeLibraryPakFileMountedCallback: pending pak file info (ChunkID:-1 Root:root:/ File:C:/Program Files/Epic Games/UE_4.27/FeaturePacks/TP_TopDownBP.upack)
[2022.05.02-03.18.24:540][  0]LogPakFile: OnPakFileMounted2Time == 0.000029
[2022.05.02-03.18.24:540][  0]LogPakFile: PakFile PrimaryIndexSize=185
[2022.05.02-03.18.24:540][  0]LogPakFile: PakFile PathHashIndexSize=101
[2022.05.02-03.18.24:540][  0]LogPakFile: PakFile FullDirectoryIndexSize=144
[2022.05.02-03.18.24:540][  0]LogShaderLibrary: Display: ShaderCodeLibraryPakFileMountedCallback: PakFile 'C:/Program Files/Epic Games/UE_4.27/FeaturePacks/TP_TwinStick.upack' (chunk index -1, root 'root:/') mounted
[2022.05.02-03.18.24:540][  0]LogShaderLibrary: Display: ShaderCodeLibraryPakFileMountedCallback: pending pak file info (ChunkID:-1 Root:root:/ File:C:/Program Files/Epic Games/UE_4.27/FeaturePacks/TP_TwinStick.upack)
[2022.05.02-03.18.24:540][  0]LogPakFile: OnPakFileMounted2Time == 0.000028
[2022.05.02-03.18.24:540][  0]LogPakFile: PakFile PrimaryIndexSize=187
[2022.05.02-03.18.24:540][  0]LogPakFile: PakFile PathHashIndexSize=101
[2022.05.02-03.18.24:540][  0]LogPakFile: PakFile FullDirectoryIndexSize=148
[2022.05.02-03.18.24:540][  0]LogShaderLibrary: Display: ShaderCodeLibraryPakFileMountedCallback: PakFile 'C:/Program Files/Epic Games/UE_4.27/FeaturePacks/TP_TwinStickBP.upack' (chunk index -1, root 'root:/') mounted
[2022.05.02-03.18.24:540][  0]LogShaderLibrary: Display: ShaderCodeLibraryPakFileMountedCallback: pending pak file info (ChunkID:-1 Root:root:/ File:C:/Program Files/Epic Games/UE_4.27/FeaturePacks/TP_TwinStickBP.upack)
[2022.05.02-03.18.24:540][  0]LogPakFile: OnPakFileMounted2Time == 0.000028
[2022.05.02-03.18.24:541][  0]LogPakFile: PakFile PrimaryIndexSize=183
[2022.05.02-03.18.24:541][  0]LogPakFile: PakFile PathHashIndexSize=101
[2022.05.02-03.18.24:541][  0]LogPakFile: PakFile FullDirectoryIndexSize=140
[2022.05.02-03.18.24:541][  0]LogShaderLibrary: Display: ShaderCodeLibraryPakFileMountedCallback: PakFile 'C:/Program Files/Epic Games/UE_4.27/FeaturePacks/TP_Vehicle.upack' (chunk index -1, root 'root:/') mounted
[2022.05.02-03.18.24:541][  0]LogShaderLibrary: Display: ShaderCodeLibraryPakFileMountedCallback: pending pak file info (ChunkID:-1 Root:root:/ File:C:/Program Files/Epic Games/UE_4.27/FeaturePacks/TP_Vehicle.upack)
[2022.05.02-03.18.24:541][  0]LogPakFile: OnPakFileMounted2Time == 0.000028
[2022.05.02-03.18.24:541][  0]LogPakFile: PakFile PrimaryIndexSize=186
[2022.05.02-03.18.24:541][  0]LogPakFile: PakFile PathHashIndexSize=101
[2022.05.02-03.18.24:541][  0]LogPakFile: PakFile FullDirectoryIndexSize=146
[2022.05.02-03.18.24:541][  0]LogShaderLibrary: Display: ShaderCodeLibraryPakFileMountedCallback: PakFile 'C:/Program Files/Epic Games/UE_4.27/FeaturePacks/TP_VehicleAdv.upack' (chunk index -1, root 'root:/') mounted
[2022.05.02-03.18.24:541][  0]LogShaderLibrary: Display: ShaderCodeLibraryPakFileMountedCallback: pending pak file info (ChunkID:-1 Root:root:/ File:C:/Program Files/Epic Games/UE_4.27/FeaturePacks/TP_VehicleAdv.upack)
[2022.05.02-03.18.24:541][  0]LogPakFile: OnPakFileMounted2Time == 0.000029
[2022.05.02-03.18.24:542][  0]LogPakFile: PakFile PrimaryIndexSize=188
[2022.05.02-03.18.24:542][  0]LogPakFile: PakFile PathHashIndexSize=101
[2022.05.02-03.18.24:542][  0]LogPakFile: PakFile FullDirectoryIndexSize=150
[2022.05.02-03.18.24:542][  0]LogShaderLibrary: Display: ShaderCodeLibraryPakFileMountedCallback: PakFile 'C:/Program Files/Epic Games/UE_4.27/FeaturePacks/TP_VehicleAdvBP.upack' (chunk index -1, root 'root:/') mounted
[2022.05.02-03.18.24:542][  0]LogShaderLibrary: Display: ShaderCodeLibraryPakFileMountedCallback: pending pak file info (ChunkID:-1 Root:root:/ File:C:/Program Files/Epic Games/UE_4.27/FeaturePacks/TP_VehicleAdvBP.upack)
[2022.05.02-03.18.24:542][  0]LogPakFile: OnPakFileMounted2Time == 0.000028
[2022.05.02-03.18.24:542][  0]LogPakFile: PakFile PrimaryIndexSize=185
[2022.05.02-03.18.24:542][  0]LogPakFile: PakFile PathHashIndexSize=101
[2022.05.02-03.18.24:542][  0]LogPakFile: PakFile FullDirectoryIndexSize=144
[2022.05.02-03.18.24:542][  0]LogShaderLibrary: Display: ShaderCodeLibraryPakFileMountedCallback: PakFile 'C:/Program Files/Epic Games/UE_4.27/FeaturePacks/TP_VehicleBP.upack' (chunk index -1, root 'root:/') mounted
[2022.05.02-03.18.24:542][  0]LogShaderLibrary: Display: ShaderCodeLibraryPakFileMountedCallback: pending pak file info (ChunkID:-1 Root:root:/ File:C:/Program Files/Epic Games/UE_4.27/FeaturePacks/TP_VehicleBP.upack)
[2022.05.02-03.18.24:542][  0]LogPakFile: OnPakFileMounted2Time == 0.000031
[2022.05.02-03.18.24:543][  0]LogPakFile: PakFile PrimaryIndexSize=192
[2022.05.02-03.18.24:543][  0]LogPakFile: PakFile PathHashIndexSize=101
[2022.05.02-03.18.24:543][  0]LogPakFile: PakFile FullDirectoryIndexSize=158
[2022.05.02-03.18.24:543][  0]LogShaderLibrary: Display: ShaderCodeLibraryPakFileMountedCallback: PakFile 'C:/Program Files/Epic Games/UE_4.27/FeaturePacks/TP_VirtualRealityBP.upack' (chunk index -1, root 'root:/') mounted
[2022.05.02-03.18.24:543][  0]LogShaderLibrary: Display: ShaderCodeLibraryPakFileMountedCallback: pending pak file info (ChunkID:-1 Root:root:/ File:C:/Program Files/Epic Games/UE_4.27/FeaturePacks/TP_VirtualRealityBP.upack)
[2022.05.02-03.18.24:543][  0]LogPakFile: OnPakFileMounted2Time == 0.000029
[2022.05.02-03.18.24:576][  0]LogNativeClassHierarchy: Verbose: Native class hierarchy updated for 'AddContentDialog' in 0.0002 seconds. Added 0 classes and 0 folders.
[2022.05.02-03.18.24:578][  0]LogNativeClassHierarchy: Verbose: Native class hierarchy updated for 'SceneOutliner' in 0.0002 seconds. Added 2 classes and 0 folders.
[2022.05.02-03.18.24:629][  0]LogSlate: Took 0.000270 seconds to synchronously load lazily loaded font '../../../Engine/Content/Slate/Fonts/Roboto-Regular.ttf' (155K)
[2022.05.02-03.18.24:630][  0]LogSlate: Took 0.000123 seconds to synchronously load lazily loaded font '../../../Engine/Content/Editor/Slate/Fonts/FontAwesome.ttf' (139K)
[2022.05.02-03.18.24:632][  0]LogSlate: Took 0.000121 seconds to synchronously load lazily loaded font '../../../Engine/Content/Slate/Fonts/Roboto-Bold.ttf' (160K)
[2022.05.02-03.18.24:698][  0]LogRenderer: Reallocating scene render targets to support 1528x572 Format 10 NumSamples 1 (Frame:1).
[2022.05.02-03.18.25:093][  0]LogSlate: Took 0.000146 seconds to synchronously load lazily loaded font '../../../Engine/Content/Slate/Fonts/Roboto-Light.ttf' (167K)
[2022.05.02-03.18.25:149][  0]LogNativeClassHierarchy: Verbose: Native class hierarchy updated for 'HierarchicalLODOutliner' in 0.0002 seconds. Added 0 classes and 0 folders.
[2022.05.02-03.18.25:150][  0]LogLoad: (Engine Initialization) Total time: 6.86 seconds
[2022.05.02-03.18.25:150][  0]LogLoad: (Engine Initialization) Total Blueprint compile time: 0.00 seconds
[2022.05.02-03.18.25:186][  0]LogAssetRegistry: Asset discovery search completed in 4.1148 seconds
[2022.05.02-03.18.25:190][  0]LogCollectionManager: Fixed up redirectors for 0 collections in 0.000003 seconds (updated 0 objects)
[2022.05.02-03.18.25:191][  0]LogContentStreaming: Texture pool size now 1000 MB
[2022.05.02-03.18.25:246][  0]LogSlate: Took 0.000123 seconds to synchronously load lazily loaded font '../../../Engine/Content/Slate/Fonts/DroidSansMono.ttf' (77K)
[2022.05.02-03.18.32:871][141]LogSlate: Window 'Message Log' being destroyed
[2022.05.02-03.18.32:875][141]LogSlate: Window 'Message Log' being destroyed
[2022.05.02-03.21.04:158][595]LogContentBrowser: Attempting asset rename: BaseMaterial -> Aaron_BaseMaterial
[2022.05.02-03.21.04:169][595]LogSlate: Took 0.000097 seconds to synchronously load lazily loaded font '../../../Engine/Content/Slate/Fonts/Roboto-Light.ttf' (167K)
[2022.05.02-03.21.04:232][595]Cmd: OBJ SAVEPACKAGE PACKAGE="/Game/Aaron_BaseMaterial" FILE="../../../../../../Users/Aaron/source/repos/Graphics 2/Final/GPRO300Final_Digger/GPRODIggerFinal/Content/Aaron_BaseMaterial.uasset" SILENT=true
[2022.05.02-03.21.04:247][595]LogSavePackage: Moving '../../../../../../Users/Aaron/source/repos/Graphics 2/Final/GPRO300Final_Digger/GPRODIggerFinal/Saved/Aaron_BaseMaterialEFCDFEE54407261979FC32A8C4762092.tmp' to '../../../../../../Users/Aaron/source/repos/Graphics 2/Final/GPRO300Final_Digger/GPRODIggerFinal/Content/Aaron_BaseMaterial.uasset'
[2022.05.02-03.21.04:287][595]LogUObjectHash: Compacting FUObjectHashTables data took   0.48ms
[2022.05.02-03.21.04:297][595]LogUObjectHash: Compacting FUObjectHashTables data took   0.52ms
[2022.05.02-03.21.04:301][595]LogUObjectHash: Compacting FUObjectHashTables data took   0.18ms
[2022.05.02-03.21.04:317][595]Cmd: OBJ SAVEPACKAGE PACKAGE="/Game/Dirt" FILE="../../../../../../Users/Aaron/source/repos/Graphics 2/Final/GPRO300Final_Digger/GPRODIggerFinal/Content/Dirt.uasset" SILENT=true
[2022.05.02-03.21.04:322][595]LogSavePackage: Moving '../../../../../../Users/Aaron/source/repos/Graphics 2/Final/GPRO300Final_Digger/GPRODIggerFinal/Saved/DirtE3DD72C54EA58A164441AAAC93B5740D.tmp' to '../../../../../../Users/Aaron/source/repos/Graphics 2/Final/GPRO300Final_Digger/GPRODIggerFinal/Content/Dirt.uasset'
[2022.05.02-03.21.04:330][595]Cmd: OBJ SAVEPACKAGE PACKAGE="/Game/Stone" FILE="../../../../../../Users/Aaron/source/repos/Graphics 2/Final/GPRO300Final_Digger/GPRODIggerFinal/Content/Stone.uasset" SILENT=true
[2022.05.02-03.21.04:334][595]LogSavePackage: Moving '../../../../../../Users/Aaron/source/repos/Graphics 2/Final/GPRO300Final_Digger/GPRODIggerFinal/Saved/Stone3411A4FA4B1C39833ED4F58BE1645D01.tmp' to '../../../../../../Users/Aaron/source/repos/Graphics 2/Final/GPRO300Final_Digger/GPRODIggerFinal/Content/Stone.uasset'
[2022.05.02-03.21.04:356][595]AssetCheck: New page: Asset Save: multiple assets
[2022.05.02-03.21.04:357][595]LogContentValidation: Display: Validating Material /Game/Aaron_BaseMaterial.Aaron_BaseMaterial
[2022.05.02-03.21.04:357][595]LogContentValidation: Display: Validating MaterialInstanceConstant /Game/Dirt.Dirt
[2022.05.02-03.21.04:357][595]LogContentValidation: Display: Validating MaterialInstanceConstant /Game/Stone.Stone
[2022.05.02-03.21.08:576][ 82]LogContentBrowser: Attempting asset rename: Aaron_BaseMaterial -> Aaron_BaseMaterial
[2022.05.02-03.21.14:302][759]LogContentBrowser: Attempting asset rename: Aaron_BaseMaterial -> Aaron_BaseMaterial
[2022.05.02-03.21.21:365][601]LogContentBrowser: Attempting asset rename: Dirt -> Aaron_DirtMaterial
[2022.05.02-03.21.21:401][601]Cmd: OBJ SAVEPACKAGE PACKAGE="/Game/Aaron_DirtMaterial" FILE="../../../../../../Users/Aaron/source/repos/Graphics 2/Final/GPRO300Final_Digger/GPRODIggerFinal/Content/Aaron_DirtMaterial.uasset" SILENT=true
[2022.05.02-03.21.21:406][601]LogSavePackage: Moving '../../../../../../Users/Aaron/source/repos/Graphics 2/Final/GPRO300Final_Digger/GPRODIggerFinal/Saved/Aaron_DirtMaterial800EEDC0491FCBA4CF88899B2FCE7D18.tmp' to '../../../../../../Users/Aaron/source/repos/Graphics 2/Final/GPRO300Final_Digger/GPRODIggerFinal/Content/Aaron_DirtMaterial.uasset'
[2022.05.02-03.21.21:438][601]LogUObjectHash: Compacting FUObjectHashTables data took   0.47ms
[2022.05.02-03.21.21:448][601]LogUObjectHash: Compacting FUObjectHashTables data took   0.50ms
[2022.05.02-03.21.21:452][601]LogUObjectHash: Compacting FUObjectHashTables data took   0.19ms
[2022.05.02-03.21.21:467][601]AssetCheck: New page: Asset Save: Aaron_DirtMaterial
[2022.05.02-03.21.21:467][601]LogContentValidation: Display: Validating MaterialInstanceConstant /Game/Aaron_DirtMaterial.Aaron_DirtMaterial
[2022.05.02-03.21.27:297][292]LogContentBrowser: Attempting asset rename: Stone -> Aaron_Stone
[2022.05.02-03.21.27:332][292]Cmd: OBJ SAVEPACKAGE PACKAGE="/Game/Aaron_Stone" FILE="../../../../../../Users/Aaron/source/repos/Graphics 2/Final/GPRO300Final_Digger/GPRODIggerFinal/Content/Aaron_Stone.uasset" SILENT=true
[2022.05.02-03.21.27:337][292]LogSavePackage: Moving '../../../../../../Users/Aaron/source/repos/Graphics 2/Final/GPRO300Final_Digger/GPRODIggerFinal/Saved/Aaron_StoneC9B529B64BA2B3A0AAB4AA97479E3596.tmp' to '../../../../../../Users/Aaron/source/repos/Graphics 2/Final/GPRO300Final_Digger/GPRODIggerFinal/Content/Aaron_Stone.uasset'
[2022.05.02-03.21.27:369][292]LogUObjectHash: Compacting FUObjectHashTables data took   0.47ms
[2022.05.02-03.21.27:377][292]LogUObjectHash: Compacting FUObjectHashTables data took   0.55ms
[2022.05.02-03.21.27:381][292]LogUObjectHash: Compacting FUObjectHashTables data took   0.18ms
[2022.05.02-03.21.27:397][292]AssetCheck: New page: Asset Save: Aaron_Stone
[2022.05.02-03.21.27:397][292]LogContentValidation: Display: Validating MaterialInstanceConstant /Game/Aaron_Stone.Aaron_Stone
[2022.05.02-03.21.31:507][775]LogContentBrowser: Attempting asset rename: Aaron_Stone -> Aaron_StoneMaterial
[2022.05.02-03.21.31:546][775]LogSavePackage: Moving '../../../../../../Users/Aaron/source/repos/Graphics 2/Final/GPRO300Final_Digger/GPRODIggerFinal/Saved/Aaron_StoneMaterialF558796D4B2C170F0F9DECB6283C698C.tmp' to '../../../../../../Users/Aaron/source/repos/Graphics 2/Final/GPRO300Final_Digger/GPRODIggerFinal/Content/Aaron_StoneMaterial.uasset'
[2022.05.02-03.21.31:578][775]LogUObjectHash: Compacting FUObjectHashTables data took   0.47ms
[2022.05.02-03.21.31:586][775]LogUObjectHash: Compacting FUObjectHashTables data took   0.49ms
[2022.05.02-03.21.31:590][775]LogUObjectHash: Compacting FUObjectHashTables data took   0.18ms
[2022.05.02-03.21.31:605][775]AssetCheck: New page: Asset Save: Aaron_StoneMaterial
[2022.05.02-03.21.31:605][775]LogContentValidation: Display: Validating MaterialInstanceConstant /Game/Aaron_StoneMaterial.Aaron_StoneMaterial
[2022.05.02-03.21.34:458][116]LogSavePackage: Moving '../../../../../../Users/Aaron/source/repos/Graphics 2/Final/GPRO300Final_Digger/GPRODIggerFinal/Saved/Aaron_StoneMaterial478B24EE405ED8ED4825289B59F8DC36.tmp' to '../../../../../../Users/Aaron/source/repos/Graphics 2/Final/GPRO300Final_Digger/GPRODIggerFinal/Content/Aaron_StoneMaterial.uasset'
[2022.05.02-03.21.34:463][116]AssetCheck: New page: Asset Save: Aaron_StoneMaterial
[2022.05.02-03.21.34:463][116]LogContentValidation: Display: Validating MaterialInstanceConstant /Game/Aaron_StoneMaterial.Aaron_StoneMaterial
